{"timestamp":"2026-05-01T13:46:48.874617Z","level":"info","event":"DAG bundles loaded: dags-folder","logger":"airflow.dag_processing.bundles.manager.DagBundlesManager","filename":"manager.py","lineno":179}
{"timestamp":"2026-05-01T13:46:48.895483Z","level":"info","event":"Filling up the DagBag from /opt/airflow/dags/movie_etl_dag.py","logger":"airflow.models.dagbag.DagBag","filename":"dagbag.py","lineno":593}
{"timestamp":"2026-05-01T13:46:51.741991Z","level":"warning","event":"The `airflow.operators.python.PythonOperator` attribute is deprecated. Please use `'airflow.providers.standard.operators.python.PythonOperator'`.","category":"DeprecatedImportWarning","filename":"/opt/airflow/dags/movie_etl_dag.py","lineno":8,"logger":"py.warnings"}
{"timestamp":"2026-05-01T13:46:54.248370Z","level":"info","event":"started movie","logger":"task.stdout"}
{"timestamp":"2026-05-01T13:46:54.616080Z","level":"info","event":"ssssss","logger":"task.stdout"}
{"timestamp":"2026-05-01T13:46:54.658971Z","level":"info","event":"ssssss","logger":"task.stdout"}
{"timestamp":"2026-05-01T13:46:54.664753Z","level":"info","event":"ssssss","logger":"task.stdout"}
{"timestamp":"2026-05-01T13:46:54.683037Z","level":"info","event":"ssssss","logger":"task.stdout"}
{"timestamp":"2026-05-01T13:46:54.687192Z","level":"info","event":"ssssss","logger":"task.stdout"}
{"timestamp":"2026-05-01T13:46:54.697949Z","level":"info","event":"ssssss","logger":"task.stdout"}
{"timestamp":"2026-05-01T13:46:54.713120Z","level":"info","event":"ssssss","logger":"task.stdout"}
{"timestamp":"2026-05-01T13:46:54.732723Z","level":"info","event":"ssssss","logger":"task.stdout"}
{"timestamp":"2026-05-01T13:46:54.735126Z","level":"info","event":"ssssss","logger":"task.stdout"}
{"timestamp":"2026-05-01T13:46:54.736014Z","level":"info","event":"ssssss","logger":"task.stdout"}
{"timestamp":"2026-05-01T13:46:54.736680Z","level":"info","event":"ssssss","logger":"task.stdout"}
{"timestamp":"2026-05-01T13:46:54.738150Z","level":"info","event":"ssssss","logger":"task.stdout"}
{"timestamp":"2026-05-01T13:46:54.747791Z","level":"info","event":"ssssss","logger":"task.stdout"}
{"timestamp":"2026-05-01T13:46:54.763368Z","level":"info","event":"ssssss","logger":"task.stdout"}
{"timestamp":"2026-05-01T13:46:54.778438Z","level":"info","event":"ssssss","logger":"task.stdout"}
{"timestamp":"2026-05-01T13:46:54.793643Z","level":"info","event":"ssssss","logger":"task.stdout"}
{"timestamp":"2026-05-01T13:46:54.808667Z","level":"info","event":"ssssss","logger":"task.stdout"}
{"timestamp":"2026-05-01T13:46:54.823671Z","level":"info","event":"ssssss","logger":"task.stdout"}
{"timestamp":"2026-05-01T13:46:54.838759Z","level":"info","event":"ssssss","logger":"task.stdout"}
{"timestamp":"2026-05-01T13:46:54.846184Z","level":"info","event":"ssssss","logger":"task.stdout"}
{"timestamp":"2026-05-01T13:46:54.848201Z","level":"info","event":"ssssss","logger":"task.stdout"}
{"timestamp":"2026-05-01T13:46:54.862171Z","level":"info","event":"ssssss","logger":"task.stdout"}
{"timestamp":"2026-05-01T13:46:54.869011Z","level":"info","event":"ssssss","logger":"task.stdout"}
{"timestamp":"2026-05-01T13:46:54.874471Z","level":"info","event":"ssssss","logger":"task.stdout"}
{"timestamp":"2026-05-01T13:46:54.888866Z","level":"info","event":"ssssss","logger":"task.stdout"}
{"timestamp":"2026-05-01T13:46:54.901396Z","level":"info","event":"ssssss","logger":"task.stdout"}
{"timestamp":"2026-05-01T13:46:54.902937Z","level":"info","event":"ssssss","logger":"task.stdout"}
{"timestamp":"2026-05-01T13:46:54.915280Z","level":"info","event":"ssssss","logger":"task.stdout"}
{"timestamp":"2026-05-01T13:46:54.943751Z","level":"info","event":"ssssss","logger":"task.stdout"}
{"timestamp":"2026-05-01T13:46:54.959801Z","level":"info","event":"ssssss","logger":"task.stdout"}
{"timestamp":"2026-05-01T13:46:54.976200Z","level":"info","event":"ssssss","logger":"task.stdout"}
{"timestamp":"2026-05-01T13:46:54.988546Z","level":"info","event":"ssssss","logger":"task.stdout"}
{"timestamp":"2026-05-01T13:46:55.005618Z","level":"info","event":"ssssss","logger":"task.stdout"}
{"timestamp":"2026-05-01T13:46:55.013409Z","level":"info","event":"ssssss","logger":"task.stdout"}
{"timestamp":"2026-05-01T13:46:55.019963Z","level":"info","event":"ssssss","logger":"task.stdout"}
{"timestamp":"2026-05-01T13:46:55.035093Z","level":"info","event":"ssssss","logger":"task.stdout"}
{"timestamp":"2026-05-01T13:46:55.049196Z","level":"info","event":"ssssss","logger":"task.stdout"}
{"timestamp":"2026-05-01T13:46:55.128233Z","level":"info","event":"ssssss","logger":"task.stdout"}
{"timestamp":"2026-05-01T13:46:55.163737Z","level":"info","event":"ssssss","logger":"task.stdout"}
{"timestamp":"2026-05-01T13:46:55.170166Z","level":"info","event":"ssssss","logger":"task.stdout"}
{"timestamp":"2026-05-01T13:46:55.182966Z","level":"info","event":"ssssss","logger":"task.stdout"}
{"timestamp":"2026-05-01T13:46:55.199621Z","level":"info","event":"ssssss","logger":"task.stdout"}
{"timestamp":"2026-05-01T13:46:55.205709Z","level":"info","event":"ssssss","logger":"task.stdout"}
{"timestamp":"2026-05-01T13:46:55.211145Z","level":"info","event":"ssssss","logger":"task.stdout"}
{"timestamp":"2026-05-01T13:46:55.217368Z","level":"info","event":"ssssss","logger":"task.stdout"}
{"timestamp":"2026-05-01T13:46:55.222559Z","level":"info","event":"ssssss","logger":"task.stdout"}
{"timestamp":"2026-05-01T13:46:55.229873Z","level":"info","event":"ssssss","logger":"task.stdout"}
{"timestamp":"2026-05-01T13:46:55.248763Z","level":"info","event":"ssssss","logger":"task.stdout"}
{"timestamp":"2026-05-01T13:46:55.251789Z","level":"info","event":"ssssss","logger":"task.stdout"}
{"timestamp":"2026-05-01T13:46:55.265980Z","level":"info","event":"ssssss","logger":"task.stdout"}
{"timestamp":"2026-05-01T13:46:55.267254Z","level":"info","event":"ssssss","logger":"task.stdout"}
{"timestamp":"2026-05-01T13:46:55.282923Z","level":"info","event":"ssssss","logger":"task.stdout"}
{"timestamp":"2026-05-01T13:46:55.284151Z","level":"info","event":"ssssss","logger":"task.stdout"}
{"timestamp":"2026-05-01T13:46:55.307626Z","level":"info","event":"ssssss","logger":"task.stdout"}
{"timestamp":"2026-05-01T13:46:55.316055Z","level":"info","event":"ssssss","logger":"task.stdout"}
{"timestamp":"2026-05-01T13:46:55.317847Z","level":"info","event":"ssssss","logger":"task.stdout"}
{"timestamp":"2026-05-01T13:46:55.332606Z","level":"info","event":"ssssss","logger":"task.stdout"}
{"timestamp":"2026-05-01T13:46:55.337404Z","level":"info","event":"ssssss","logger":"task.stdout"}
{"timestamp":"2026-05-01T13:46:55.354475Z","level":"info","event":"ssssss","logger":"task.stdout"}
{"timestamp":"2026-05-01T13:46:55.356410Z","level":"info","event":"ssssss","logger":"task.stdout"}
{"timestamp":"2026-05-01T13:46:55.369932Z","level":"info","event":"ssssss","logger":"task.stdout"}
{"timestamp":"2026-05-01T13:46:55.381471Z","level":"info","event":"ssssss","logger":"task.stdout"}
{"timestamp":"2026-05-01T13:46:55.387088Z","level":"info","event":"ssssss","logger":"task.stdout"}
{"timestamp":"2026-05-01T13:46:55.400953Z","level":"info","event":"ssssss","logger":"task.stdout"}
{"timestamp":"2026-05-01T13:46:55.404110Z","level":"info","event":"ssssss","logger":"task.stdout"}
{"timestamp":"2026-05-01T13:46:55.420047Z","level":"info","event":"ssssss","logger":"task.stdout"}
{"timestamp":"2026-05-01T13:46:55.423647Z","level":"info","event":"ssssss","logger":"task.stdout"}
{"timestamp":"2026-05-01T13:46:55.428681Z","level":"info","event":"ssssss","logger":"task.stdout"}
{"timestamp":"2026-05-01T13:46:55.435471Z","level":"info","event":"ssssss","logger":"task.stdout"}
{"timestamp":"2026-05-01T13:46:55.439991Z","level":"info","event":"ssssss","logger":"task.stdout"}
{"timestamp":"2026-05-01T13:46:55.449068Z","level":"info","event":"ssssss","logger":"task.stdout"}
{"timestamp":"2026-05-01T13:46:55.454294Z","level":"info","event":"ssssss","logger":"task.stdout"}
{"timestamp":"2026-05-01T13:46:55.456254Z","level":"info","event":"ssssss","logger":"task.stdout"}
{"timestamp":"2026-05-01T13:46:55.462545Z","level":"info","event":"ssssss","logger":"task.stdout"}
{"timestamp":"2026-05-01T13:46:55.466138Z","level":"info","event":"ssssss","logger":"task.stdout"}
{"timestamp":"2026-05-01T13:46:55.472378Z","level":"info","event":"ssssss","logger":"task.stdout"}
{"timestamp":"2026-05-01T13:46:55.474652Z","level":"info","event":"ssssss","logger":"task.stdout"}
{"timestamp":"2026-05-01T13:46:55.482857Z","level":"info","event":"ssssss","logger":"task.stdout"}
{"timestamp":"2026-05-01T13:46:55.486304Z","level":"info","event":"ssssss","logger":"task.stdout"}
{"timestamp":"2026-05-01T13:46:55.536057Z","level":"info","event":"close fact movie","logger":"task.stdout"}
{"timestamp":"2026-05-01T13:46:55.531957Z","level":"info","event":"Done. Returned value was: None","logger":"airflow.task.operators.airflow.providers.standard.operators.python.PythonOperator","filename":"python.py","lineno":216}
