{"timestamp":"2026-03-13T09:52:08.644962Z","level":"info","event":"DAG bundles loaded: dags-folder","logger":"airflow.dag_processing.bundles.manager.DagBundlesManager","filename":"manager.py","lineno":179}
{"timestamp":"2026-03-13T09:52:08.648061Z","level":"info","event":"Filling up the DagBag from /opt/airflow/dags/movie_etl_dag.py","logger":"airflow.models.dagbag.DagBag","filename":"dagbag.py","lineno":593}
{"timestamp":"2026-03-13T09:52:08.719842Z","level":"warning","event":"The `airflow.operators.python.PythonOperator` attribute is deprecated. Please use `'airflow.providers.standard.operators.python.PythonOperator'`.","category":"DeprecatedImportWarning","filename":"/opt/airflow/dags/movie_etl_dag.py","lineno":8,"logger":"py.warnings"}
{"timestamp":"2026-03-13T09:52:09.588075Z","level":"info","event":"budget =                                                movies  ...                                            reviews","logger":"task.stdout"}
{"timestamp":"2026-03-13T09:52:09.588849Z","level":"info","event":"0   {'id': 425274, 'details': {'adult': False, 'ba...  ...  [{'review_id': '691890cfea3b47df3c4c9ff5', 'mo...","logger":"task.stdout"}
{"timestamp":"2026-03-13T09:52:09.590258Z","level":"info","event":"1   {'id': 83533, 'details': {'adult': False, 'bac...  ...  [{'review_id': '6943d8d0a56edf751f705664', 'mo...","logger":"task.stdout"}
{"timestamp":"2026-03-13T09:52:09.590904Z","level":"info","event":"2   {'id': 1223601, 'details': {'adult': False, 'b...  ...  [{'review_id': '692af36a96ff27c50d3ce601', 'mo...","logger":"task.stdout"}
{"timestamp":"2026-03-13T09:52:09.591473Z","level":"info","event":"3   {'id': 982843, 'details': {'adult': False, 'ba...  ...  [{'review_id': '6945c6e677a86b44af7ab761', 'mo...","logger":"task.stdout"}
{"timestamp":"2026-03-13T09:52:09.592128Z","level":"info","event":"4   {'id': 1084242, 'details': {'adult': False, 'b...  ...  [{'review_id': '69277274222e5a1e2e3716b3', 'mo...","logger":"task.stdout"}
{"timestamp":"2026-03-13T09:52:09.592703Z","level":"info","event":"..                                                ...  ...                                                ...","logger":"task.stdout"}
{"timestamp":"2026-03-13T09:52:09.593267Z","level":"info","event":"75  {'id': 27205, 'details': {'adult': False, 'bac...  ...  [{'review_id': '589c420fc3a3684cde007279', 'mo...","logger":"task.stdout"}
{"timestamp":"2026-03-13T09:52:09.593783Z","level":"info","event":"76  {'id': 507089, 'details': {'adult': False, 'ba...  ...  [{'review_id': '653a4ad08a0e9b010b29016c', 'mo...","logger":"task.stdout"}
{"timestamp":"2026-03-13T09:52:09.594382Z","level":"info","event":"77  {'id': 1469354, 'details': {'adult': False, 'b...  ...                                                 []","logger":"task.stdout"}
{"timestamp":"2026-03-13T09:52:09.594953Z","level":"info","event":"78  {'id': 911430, 'details': {'adult': False, 'ba...  ...  [{'review_id': '685ef1ed3a418b6dde7ecf4a', 'mo...","logger":"task.stdout"}
{"timestamp":"2026-03-13T09:52:09.595477Z","level":"info","event":"79  {'id': 840326, 'details': {'adult': False, 'ba...  ...  [{'review_id': '645c30ea0231f20139eac8dd', 'mo...","logger":"task.stdout"}
{"timestamp":"2026-03-13T09:52:09.596252Z","level":"info","event":"","logger":"task.stdout"}
{"timestamp":"2026-03-13T09:52:09.596879Z","level":"info","event":"[80 rows x 3 columns]","logger":"task.stdout"}
{"timestamp":"2026-03-13T09:52:10.525960Z","level":"info","event":"gennnnnnnnnnnnnnnnnnre","logger":"task.stdout"}
{"timestamp":"2026-03-13T09:52:10.532725Z","level":"info","event":"    movie_id            genre","logger":"task.stdout"}
{"timestamp":"2026-03-13T09:52:10.533275Z","level":"info","event":"0     425274         Thriller","logger":"task.stdout"}
{"timestamp":"2026-03-13T09:52:10.533656Z","level":"info","event":"0     425274            Crime","logger":"task.stdout"}
{"timestamp":"2026-03-13T09:52:10.533981Z","level":"info","event":"0     425274          Mystery","logger":"task.stdout"}
{"timestamp":"2026-03-13T09:52:10.534396Z","level":"info","event":"1      83533  Science Fiction","logger":"task.stdout"}
{"timestamp":"2026-03-13T09:52:10.534726Z","level":"info","event":"1      83533        Adventure","logger":"task.stdout"}
{"timestamp":"2026-03-13T09:52:10.535008Z","level":"info","event":"..       ...              ...","logger":"task.stdout"}
{"timestamp":"2026-03-13T09:52:10.535279Z","level":"info","event":"77   1469354         Thriller","logger":"task.stdout"}
{"timestamp":"2026-03-13T09:52:10.535527Z","level":"info","event":"78    911430           Action","logger":"task.stdout"}
{"timestamp":"2026-03-13T09:52:10.535796Z","level":"info","event":"78    911430            Drama","logger":"task.stdout"}
{"timestamp":"2026-03-13T09:52:10.536065Z","level":"info","event":"79    840326           Action","logger":"task.stdout"}
{"timestamp":"2026-03-13T09:52:10.536330Z","level":"info","event":"79    840326              War","logger":"task.stdout"}
{"timestamp":"2026-03-13T09:52:10.536577Z","level":"info","event":"","logger":"task.stdout"}
{"timestamp":"2026-03-13T09:52:10.536831Z","level":"info","event":"[224 rows x 2 columns]","logger":"task.stdout"}
{"timestamp":"2026-03-13T09:52:11.030808Z","level":"info","event":"budget = {'movies':     movie_id  ...  original_language","logger":"task.stdout"}
{"timestamp":"2026-03-13T09:52:11.031458Z","level":"info","event":"0     425274  ...                 en","logger":"task.stdout"}
{"timestamp":"2026-03-13T09:52:11.032153Z","level":"info","event":"1      83533  ...                 en","logger":"task.stdout"}
{"timestamp":"2026-03-13T09:52:11.032692Z","level":"info","event":"2    1223601  ...                 fi","logger":"task.stdout"}
{"timestamp":"2026-03-13T09:52:11.033156Z","level":"info","event":"3     982843  ...                 ko","logger":"task.stdout"}
{"timestamp":"2026-03-13T09:52:11.033628Z","level":"info","event":"4    1084242  ...                 en","logger":"task.stdout"}
{"timestamp":"2026-03-13T09:52:11.034045Z","level":"info","event":"..       ...  ...                ...","logger":"task.stdout"}
{"timestamp":"2026-03-13T09:52:11.034506Z","level":"info","event":"75     27205  ...                 en","logger":"task.stdout"}
{"timestamp":"2026-03-13T09:52:11.034914Z","level":"info","event":"76    507089  ...                 en","logger":"task.stdout"}
{"timestamp":"2026-03-13T09:52:11.035252Z","level":"info","event":"77   1469354  ...                 en","logger":"task.stdout"}
{"timestamp":"2026-03-13T09:52:11.035574Z","level":"info","event":"78    911430  ...                 en","logger":"task.stdout"}
{"timestamp":"2026-03-13T09:52:11.036040Z","level":"info","event":"79    840326  ...                 fi","logger":"task.stdout"}
{"timestamp":"2026-03-13T09:52:11.036410Z","level":"info","event":"","logger":"task.stdout"}
{"timestamp":"2026-03-13T09:52:11.036761Z","level":"info","event":"[80 rows x 18 columns], 'movie_genres':     movie_id            genre","logger":"task.stdout"}
{"timestamp":"2026-03-13T09:52:11.037129Z","level":"info","event":"0     425274         Thriller","logger":"task.stdout"}
{"timestamp":"2026-03-13T09:52:11.037650Z","level":"info","event":"0     425274            Crime","logger":"task.stdout"}
{"timestamp":"2026-03-13T09:52:11.038009Z","level":"info","event":"0     425274          Mystery","logger":"task.stdout"}
{"timestamp":"2026-03-13T09:52:11.038364Z","level":"info","event":"1      83533  Science Fiction","logger":"task.stdout"}
{"timestamp":"2026-03-13T09:52:11.038799Z","level":"info","event":"1      83533        Adventure","logger":"task.stdout"}
{"timestamp":"2026-03-13T09:52:11.039451Z","level":"info","event":"..       ...              ...","logger":"task.stdout"}
{"timestamp":"2026-03-13T09:52:11.039973Z","level":"info","event":"77   1469354         Thriller","logger":"task.stdout"}
{"timestamp":"2026-03-13T09:52:11.040531Z","level":"info","event":"78    911430           Action","logger":"task.stdout"}
{"timestamp":"2026-03-13T09:52:11.041197Z","level":"info","event":"78    911430            Drama","logger":"task.stdout"}
{"timestamp":"2026-03-13T09:52:11.041803Z","level":"info","event":"79    840326           Action","logger":"task.stdout"}
{"timestamp":"2026-03-13T09:52:11.042725Z","level":"info","event":"79    840326              War","logger":"task.stdout"}
{"timestamp":"2026-03-13T09:52:11.043281Z","level":"info","event":"","logger":"task.stdout"}
{"timestamp":"2026-03-13T09:52:11.043765Z","level":"info","event":"[224 rows x 2 columns], 'movie_cast':       movie_id  actor_id  ... order popularity","logger":"task.stdout"}
{"timestamp":"2026-03-13T09:52:11.044221Z","level":"info","event":"0       425274     44735  ...     0     5.6558","logger":"task.stdout"}
{"timestamp":"2026-03-13T09:52:11.044698Z","level":"info","event":"1       425274   3918497  ...     1     2.9483","logger":"task.stdout"}
{"timestamp":"2026-03-13T09:52:11.045439Z","level":"info","event":"2       425274   1767250  ...     2     5.8179","logger":"task.stdout"}
{"timestamp":"2026-03-13T09:52:11.046038Z","level":"info","event":"3       425274   1029934  ...     3     3.8425","logger":"task.stdout"}
{"timestamp":"2026-03-13T09:52:11.046935Z","level":"info","event":"4       425274     10882  ...     4    10.4841","logger":"task.stdout"}
{"timestamp":"2026-03-13T09:52:11.047576Z","level":"info","event":"...        ...       ...  ...   ...        ...","logger":"task.stdout"}
{"timestamp":"2026-03-13T09:52:11.048018Z","level":"info","event":"1402    840326   2329587  ...    15     0.7751","logger":"task.stdout"}
{"timestamp":"2026-03-13T09:52:11.048509Z","level":"info","event":"1403    840326   3896427  ...    16     0.0798","logger":"task.stdout"}
{"timestamp":"2026-03-13T09:52:11.048981Z","level":"info","event":"1404    840326   3896428  ...    17     0.0407","logger":"task.stdout"}
{"timestamp":"2026-03-13T09:52:11.049644Z","level":"info","event":"1405    840326   3403707  ...    18     0.0478","logger":"task.stdout"}
{"timestamp":"2026-03-13T09:52:11.050173Z","level":"info","event":"1406    840326   3896429  ...    19     0.0456","logger":"task.stdout"}
{"timestamp":"2026-03-13T09:52:11.050878Z","level":"info","event":"","logger":"task.stdout"}
{"timestamp":"2026-03-13T09:52:11.051336Z","level":"info","event":"[1407 rows x 7 columns], 'movie_reviews':                     review_id  ...  language","logger":"task.stdout"}
{"timestamp":"2026-03-13T09:52:11.051852Z","level":"info","event":"0    691890cfea3b47df3c4c9ff5  ...       NaN","logger":"task.stdout"}
{"timestamp":"2026-03-13T09:52:11.052576Z","level":"info","event":"1    6928c31401823e51fe26c751  ...       NaN","logger":"task.stdout"}
{"timestamp":"2026-03-13T09:52:11.053392Z","level":"info","event":"2    6943d8d0a56edf751f705664  ...       NaN","logger":"task.stdout"}
{"timestamp":"2026-03-13T09:52:11.054618Z","level":"info","event":"3    69457873edfc44b8a97ab51e  ...       NaN","logger":"task.stdout"}
{"timestamp":"2026-03-13T09:52:11.055393Z","level":"info","event":"4    69468cbad49dde55e5fb0ac4  ...       NaN","logger":"task.stdout"}
{"timestamp":"2026-03-13T09:52:11.056399Z","level":"info","event":"..                        ...  ...       ...","logger":"task.stdout"}
{"timestamp":"2026-03-13T09:52:11.058015Z","level":"info","event":"372  64cca50e798e0600ad1830bf  ...       NaN","logger":"task.stdout"}
{"timestamp":"2026-03-13T09:52:11.059362Z","level":"info","event":"373  64cf1ca9303c85013a150ee2  ...       NaN","logger":"task.stdout"}
{"timestamp":"2026-03-13T09:52:11.060116Z","level":"info","event":"374  65bd3c8e2b8a43017b1e3092  ...       NaN","logger":"task.stdout"}
{"timestamp":"2026-03-13T09:52:11.060844Z","level":"info","event":"375  66c8f1db882df41826e4d450  ...       NaN","logger":"task.stdout"}
{"timestamp":"2026-03-13T09:52:11.061658Z","level":"info","event":"376  678389a5601acfe7bd4f174e  ...       NaN","logger":"task.stdout"}
{"timestamp":"2026-03-13T09:52:11.062580Z","level":"info","event":"","logger":"task.stdout"}
{"timestamp":"2026-03-13T09:52:11.063207Z","level":"info","event":"[353 rows x 9 columns]}","logger":"task.stdout"}
{"timestamp":"2026-03-13T09:52:11.319718Z","level":"info","event":"budget =     movie_id  ...  original_language","logger":"task.stdout"}
{"timestamp":"2026-03-13T09:52:11.322413Z","level":"info","event":"0     425274  ...                 en","logger":"task.stdout"}
{"timestamp":"2026-03-13T09:52:11.323137Z","level":"info","event":"1      83533  ...                 en","logger":"task.stdout"}
{"timestamp":"2026-03-13T09:52:11.323589Z","level":"info","event":"2    1223601  ...                 fi","logger":"task.stdout"}
{"timestamp":"2026-03-13T09:52:11.324146Z","level":"info","event":"3     982843  ...                 ko","logger":"task.stdout"}
{"timestamp":"2026-03-13T09:52:11.325403Z","level":"info","event":"4    1084242  ...                 en","logger":"task.stdout"}
{"timestamp":"2026-03-13T09:52:11.325897Z","level":"info","event":"..       ...  ...                ...","logger":"task.stdout"}
{"timestamp":"2026-03-13T09:52:11.326246Z","level":"info","event":"75     27205  ...                 en","logger":"task.stdout"}
{"timestamp":"2026-03-13T09:52:11.326611Z","level":"info","event":"76    507089  ...                 en","logger":"task.stdout"}
{"timestamp":"2026-03-13T09:52:11.326890Z","level":"info","event":"77   1469354  ...                 en","logger":"task.stdout"}
{"timestamp":"2026-03-13T09:52:11.327176Z","level":"info","event":"78    911430  ...                 en","logger":"task.stdout"}
{"timestamp":"2026-03-13T09:52:11.327652Z","level":"info","event":"79    840326  ...                 fi","logger":"task.stdout"}
{"timestamp":"2026-03-13T09:52:11.327922Z","level":"info","event":"","logger":"task.stdout"}
{"timestamp":"2026-03-13T09:52:11.328222Z","level":"info","event":"[80 rows x 18 columns]","logger":"task.stdout"}
{"timestamp":"2026-03-13T09:52:11.320872Z","level":"info","event":"Done. Returned value was: None","logger":"airflow.task.operators.airflow.providers.standard.operators.python.PythonOperator","filename":"python.py","lineno":216}
