{"timestamp":"2026-05-01T13:17:53.456216Z","level":"info","event":"DAG bundles loaded: dags-folder","logger":"airflow.dag_processing.bundles.manager.DagBundlesManager","filename":"manager.py","lineno":179}
{"timestamp":"2026-05-01T13:17:53.514828Z","level":"info","event":"Filling up the DagBag from /opt/airflow/dags/movie_etl_dag.py","logger":"airflow.models.dagbag.DagBag","filename":"dagbag.py","lineno":593}
{"timestamp":"2026-05-01T13:17:54.086660Z","level":"warning","event":"The `airflow.operators.python.PythonOperator` attribute is deprecated. Please use `'airflow.providers.standard.operators.python.PythonOperator'`.","category":"DeprecatedImportWarning","filename":"/opt/airflow/dags/movie_etl_dag.py","lineno":8,"logger":"py.warnings"}
{"timestamp":"2026-05-01T13:17:55.752003Z","level":"info","event":"budget =                                                movies  ...                                            reviews","logger":"task.stdout"}
{"timestamp":"2026-05-01T13:17:55.764357Z","level":"info","event":"0   {'id': 425274, 'details': {'adult': False, 'ba...  ...  [{'review_id': '691890cfea3b47df3c4c9ff5', 'mo...","logger":"task.stdout"}
{"timestamp":"2026-05-01T13:17:55.779313Z","level":"info","event":"1   {'id': 83533, 'details': {'adult': False, 'bac...  ...  [{'review_id': '6943d8d0a56edf751f705664', 'mo...","logger":"task.stdout"}
{"timestamp":"2026-05-01T13:17:55.794076Z","level":"info","event":"2   {'id': 1223601, 'details': {'adult': False, 'b...  ...  [{'review_id': '692af36a96ff27c50d3ce601', 'mo...","logger":"task.stdout"}
{"timestamp":"2026-05-01T13:17:55.812452Z","level":"info","event":"3   {'id': 982843, 'details': {'adult': False, 'ba...  ...  [{'review_id': '6945c6e677a86b44af7ab761', 'mo...","logger":"task.stdout"}
{"timestamp":"2026-05-01T13:17:55.857839Z","level":"info","event":"4   {'id': 1084242, 'details': {'adult': False, 'b...  ...  [{'review_id': '69277274222e5a1e2e3716b3', 'mo...","logger":"task.stdout"}
{"timestamp":"2026-05-01T13:17:55.874107Z","level":"info","event":"..                                                ...  ...                                                ...","logger":"task.stdout"}
{"timestamp":"2026-05-01T13:17:55.887961Z","level":"info","event":"75  {'id': 27205, 'details': {'adult': False, 'bac...  ...  [{'review_id': '589c420fc3a3684cde007279', 'mo...","logger":"task.stdout"}
{"timestamp":"2026-05-01T13:17:55.888916Z","level":"info","event":"76  {'id': 507089, 'details': {'adult': False, 'ba...  ...  [{'review_id': '653a4ad08a0e9b010b29016c', 'mo...","logger":"task.stdout"}
{"timestamp":"2026-05-01T13:17:55.889516Z","level":"info","event":"77  {'id': 1469354, 'details': {'adult': False, 'b...  ...                                                 []","logger":"task.stdout"}
{"timestamp":"2026-05-01T13:17:55.890112Z","level":"info","event":"78  {'id': 911430, 'details': {'adult': False, 'ba...  ...  [{'review_id': '685ef1ed3a418b6dde7ecf4a', 'mo...","logger":"task.stdout"}
{"timestamp":"2026-05-01T13:17:55.890735Z","level":"info","event":"79  {'id': 840326, 'details': {'adult': False, 'ba...  ...  [{'review_id': '645c30ea0231f20139eac8dd', 'mo...","logger":"task.stdout"}
{"timestamp":"2026-05-01T13:17:55.891324Z","level":"info","event":"","logger":"task.stdout"}
{"timestamp":"2026-05-01T13:17:55.902721Z","level":"info","event":"[80 rows x 3 columns]","logger":"task.stdout"}
{"timestamp":"2026-05-01T13:17:58.486102Z","level":"info","event":"gennnnnnnnnnnnnnnnnnre","logger":"task.stdout"}
{"timestamp":"2026-05-01T13:17:58.598412Z","level":"info","event":"    movie_id            genre","logger":"task.stdout"}
{"timestamp":"2026-05-01T13:17:58.607478Z","level":"info","event":"0     425274         Thriller","logger":"task.stdout"}
{"timestamp":"2026-05-01T13:17:58.614094Z","level":"info","event":"0     425274            Crime","logger":"task.stdout"}
{"timestamp":"2026-05-01T13:17:58.623038Z","level":"info","event":"0     425274          Mystery","logger":"task.stdout"}
{"timestamp":"2026-05-01T13:17:58.634980Z","level":"info","event":"1      83533  Science Fiction","logger":"task.stdout"}
{"timestamp":"2026-05-01T13:17:58.642483Z","level":"info","event":"1      83533        Adventure","logger":"task.stdout"}
{"timestamp":"2026-05-01T13:17:58.643425Z","level":"info","event":"..       ...              ...","logger":"task.stdout"}
{"timestamp":"2026-05-01T13:17:58.644311Z","level":"info","event":"77   1469354         Thriller","logger":"task.stdout"}
{"timestamp":"2026-05-01T13:17:58.644954Z","level":"info","event":"78    911430           Action","logger":"task.stdout"}
{"timestamp":"2026-05-01T13:17:58.645749Z","level":"info","event":"78    911430            Drama","logger":"task.stdout"}
{"timestamp":"2026-05-01T13:17:58.676934Z","level":"info","event":"79    840326           Action","logger":"task.stdout"}
{"timestamp":"2026-05-01T13:17:58.682622Z","level":"info","event":"79    840326              War","logger":"task.stdout"}
{"timestamp":"2026-05-01T13:17:58.698160Z","level":"info","event":"","logger":"task.stdout"}
{"timestamp":"2026-05-01T13:17:58.730075Z","level":"info","event":"[224 rows x 2 columns]","logger":"task.stdout"}
{"timestamp":"2026-05-01T13:18:04.134196Z","level":"info","event":"budget = {'movies':     movie_id  ...  original_language","logger":"task.stdout"}
{"timestamp":"2026-05-01T13:18:04.138517Z","level":"info","event":"0     425274  ...                 en","logger":"task.stdout"}
{"timestamp":"2026-05-01T13:18:04.142151Z","level":"info","event":"1      83533  ...                 en","logger":"task.stdout"}
{"timestamp":"2026-05-01T13:18:04.147867Z","level":"info","event":"2    1223601  ...                 fi","logger":"task.stdout"}
{"timestamp":"2026-05-01T13:18:04.150270Z","level":"info","event":"3     982843  ...                 ko","logger":"task.stdout"}
{"timestamp":"2026-05-01T13:18:04.154283Z","level":"info","event":"4    1084242  ...                 en","logger":"task.stdout"}
{"timestamp":"2026-05-01T13:18:04.155155Z","level":"info","event":"..       ...  ...                ...","logger":"task.stdout"}
{"timestamp":"2026-05-01T13:18:04.158070Z","level":"info","event":"75     27205  ...                 en","logger":"task.stdout"}
{"timestamp":"2026-05-01T13:18:04.158980Z","level":"info","event":"76    507089  ...                 en","logger":"task.stdout"}
{"timestamp":"2026-05-01T13:18:04.164006Z","level":"info","event":"77   1469354  ...                 en","logger":"task.stdout"}
{"timestamp":"2026-05-01T13:18:04.174089Z","level":"info","event":"78    911430  ...                 en","logger":"task.stdout"}
{"timestamp":"2026-05-01T13:18:04.183054Z","level":"info","event":"79    840326  ...                 fi","logger":"task.stdout"}
{"timestamp":"2026-05-01T13:18:04.184632Z","level":"info","event":"","logger":"task.stdout"}
{"timestamp":"2026-05-01T13:18:04.191391Z","level":"info","event":"[80 rows x 18 columns], 'movie_genres':     movie_id            genre","logger":"task.stdout"}
{"timestamp":"2026-05-01T13:18:04.209978Z","level":"info","event":"0     425274         Thriller","logger":"task.stdout"}
{"timestamp":"2026-05-01T13:18:04.225045Z","level":"info","event":"0     425274            Crime","logger":"task.stdout"}
{"timestamp":"2026-05-01T13:18:04.233801Z","level":"info","event":"0     425274          Mystery","logger":"task.stdout"}
{"timestamp":"2026-05-01T13:18:04.234772Z","level":"info","event":"1      83533  Science Fiction","logger":"task.stdout"}
{"timestamp":"2026-05-01T13:18:04.235728Z","level":"info","event":"1      83533        Adventure","logger":"task.stdout"}
{"timestamp":"2026-05-01T13:18:04.236640Z","level":"info","event":"..       ...              ...","logger":"task.stdout"}
{"timestamp":"2026-05-01T13:18:04.246052Z","level":"info","event":"77   1469354         Thriller","logger":"task.stdout"}
{"timestamp":"2026-05-01T13:18:04.256796Z","level":"info","event":"78    911430           Action","logger":"task.stdout"}
{"timestamp":"2026-05-01T13:18:04.262934Z","level":"info","event":"78    911430            Drama","logger":"task.stdout"}
{"timestamp":"2026-05-01T13:18:04.264061Z","level":"info","event":"79    840326           Action","logger":"task.stdout"}
{"timestamp":"2026-05-01T13:18:04.265536Z","level":"info","event":"79    840326              War","logger":"task.stdout"}
{"timestamp":"2026-05-01T13:18:04.266362Z","level":"info","event":"","logger":"task.stdout"}
{"timestamp":"2026-05-01T13:18:04.267213Z","level":"info","event":"[224 rows x 2 columns], 'movie_cast':       movie_id  actor_id  ... order popularity","logger":"task.stdout"}
{"timestamp":"2026-05-01T13:18:04.273105Z","level":"info","event":"0       425274     44735  ...     0     5.6558","logger":"task.stdout"}
{"timestamp":"2026-05-01T13:18:04.275356Z","level":"info","event":"1       425274   3918497  ...     1     2.9483","logger":"task.stdout"}
{"timestamp":"2026-05-01T13:18:04.276231Z","level":"info","event":"2       425274   1767250  ...     2     5.8179","logger":"task.stdout"}
{"timestamp":"2026-05-01T13:18:04.277187Z","level":"info","event":"3       425274   1029934  ...     3     3.8425","logger":"task.stdout"}
{"timestamp":"2026-05-01T13:18:04.278265Z","level":"info","event":"4       425274     10882  ...     4    10.4841","logger":"task.stdout"}
{"timestamp":"2026-05-01T13:18:04.278933Z","level":"info","event":"...        ...       ...  ...   ...        ...","logger":"task.stdout"}
{"timestamp":"2026-05-01T13:18:04.279681Z","level":"info","event":"1402    840326   2329587  ...    15     0.7751","logger":"task.stdout"}
{"timestamp":"2026-05-01T13:18:04.280582Z","level":"info","event":"1403    840326   3896427  ...    16     0.0798","logger":"task.stdout"}
{"timestamp":"2026-05-01T13:18:04.281344Z","level":"info","event":"1404    840326   3896428  ...    17     0.0407","logger":"task.stdout"}
{"timestamp":"2026-05-01T13:18:04.282273Z","level":"info","event":"1405    840326   3403707  ...    18     0.0478","logger":"task.stdout"}
{"timestamp":"2026-05-01T13:18:04.282932Z","level":"info","event":"1406    840326   3896429  ...    19     0.0456","logger":"task.stdout"}
{"timestamp":"2026-05-01T13:18:04.283669Z","level":"info","event":"","logger":"task.stdout"}
{"timestamp":"2026-05-01T13:18:04.284454Z","level":"info","event":"[1407 rows x 7 columns], 'movie_reviews':                     review_id  ...  language","logger":"task.stdout"}
{"timestamp":"2026-05-01T13:18:04.287493Z","level":"info","event":"0    691890cfea3b47df3c4c9ff5  ...       NaN","logger":"task.stdout"}
{"timestamp":"2026-05-01T13:18:04.290444Z","level":"info","event":"1    6928c31401823e51fe26c751  ...       NaN","logger":"task.stdout"}
{"timestamp":"2026-05-01T13:18:04.292443Z","level":"info","event":"2    6943d8d0a56edf751f705664  ...       NaN","logger":"task.stdout"}
{"timestamp":"2026-05-01T13:18:04.293922Z","level":"info","event":"3    69457873edfc44b8a97ab51e  ...       NaN","logger":"task.stdout"}
{"timestamp":"2026-05-01T13:18:04.294877Z","level":"info","event":"4    69468cbad49dde55e5fb0ac4  ...       NaN","logger":"task.stdout"}
{"timestamp":"2026-05-01T13:18:04.295568Z","level":"info","event":"..                        ...  ...       ...","logger":"task.stdout"}
{"timestamp":"2026-05-01T13:18:04.296302Z","level":"info","event":"372  64cca50e798e0600ad1830bf  ...       NaN","logger":"task.stdout"}
{"timestamp":"2026-05-01T13:18:04.297051Z","level":"info","event":"373  64cf1ca9303c85013a150ee2  ...       NaN","logger":"task.stdout"}
{"timestamp":"2026-05-01T13:18:04.298090Z","level":"info","event":"374  65bd3c8e2b8a43017b1e3092  ...       NaN","logger":"task.stdout"}
{"timestamp":"2026-05-01T13:18:04.298824Z","level":"info","event":"375  66c8f1db882df41826e4d450  ...       NaN","logger":"task.stdout"}
{"timestamp":"2026-05-01T13:18:04.299563Z","level":"info","event":"376  678389a5601acfe7bd4f174e  ...       NaN","logger":"task.stdout"}
{"timestamp":"2026-05-01T13:18:04.300178Z","level":"info","event":"","logger":"task.stdout"}
{"timestamp":"2026-05-01T13:18:04.301303Z","level":"info","event":"[353 rows x 9 columns]}","logger":"task.stdout"}
{"timestamp":"2026-05-01T13:18:04.433284Z","level":"info","event":"budget =     movie_id  ...  original_language","logger":"task.stdout"}
{"timestamp":"2026-05-01T13:18:04.434079Z","level":"info","event":"0     425274  ...                 en","logger":"task.stdout"}
{"timestamp":"2026-05-01T13:18:04.434768Z","level":"info","event":"1      83533  ...                 en","logger":"task.stdout"}
{"timestamp":"2026-05-01T13:18:04.435435Z","level":"info","event":"2    1223601  ...                 fi","logger":"task.stdout"}
{"timestamp":"2026-05-01T13:18:04.436038Z","level":"info","event":"3     982843  ...                 ko","logger":"task.stdout"}
{"timestamp":"2026-05-01T13:18:04.436639Z","level":"info","event":"4    1084242  ...                 en","logger":"task.stdout"}
{"timestamp":"2026-05-01T13:18:04.437246Z","level":"info","event":"..       ...  ...                ...","logger":"task.stdout"}
{"timestamp":"2026-05-01T13:18:04.437980Z","level":"info","event":"75     27205  ...                 en","logger":"task.stdout"}
{"timestamp":"2026-05-01T13:18:04.438578Z","level":"info","event":"76    507089  ...                 en","logger":"task.stdout"}
{"timestamp":"2026-05-01T13:18:04.439048Z","level":"info","event":"77   1469354  ...                 en","logger":"task.stdout"}
{"timestamp":"2026-05-01T13:18:04.439624Z","level":"info","event":"78    911430  ...                 en","logger":"task.stdout"}
{"timestamp":"2026-05-01T13:18:04.440244Z","level":"info","event":"79    840326  ...                 fi","logger":"task.stdout"}
{"timestamp":"2026-05-01T13:18:04.440798Z","level":"info","event":"","logger":"task.stdout"}
{"timestamp":"2026-05-01T13:18:04.441407Z","level":"info","event":"[80 rows x 18 columns]","logger":"task.stdout"}
{"timestamp":"2026-05-01T13:18:04.432371Z","level":"info","event":"Done. Returned value was: None","logger":"airflow.task.operators.airflow.providers.standard.operators.python.PythonOperator","filename":"python.py","lineno":216}
