{"timestamp":"2026-05-01T15:43:52.158022Z","level":"info","event":"DAG bundles loaded: dags-folder","logger":"airflow.dag_processing.bundles.manager.DagBundlesManager","filename":"manager.py","lineno":179}
{"timestamp":"2026-05-01T15:43:52.162412Z","level":"info","event":"Filling up the DagBag from /opt/airflow/dags/movie_etl_dag.py","logger":"airflow.models.dagbag.DagBag","filename":"dagbag.py","lineno":593}
{"timestamp":"2026-05-01T15:43:52.373926Z","level":"warning","event":"The `airflow.operators.python.PythonOperator` attribute is deprecated. Please use `'airflow.providers.standard.operators.python.PythonOperator'`.","category":"DeprecatedImportWarning","filename":"/opt/airflow/dags/movie_etl_dag.py","lineno":7,"logger":"py.warnings"}
{"timestamp":"2026-05-01T15:43:52.638158Z","level":"info","event":"started movie","logger":"task.stdout"}
{"timestamp":"2026-05-01T15:43:52.687227Z","level":"info","event":"ssssss","logger":"task.stdout"}
{"timestamp":"2026-05-01T15:43:52.713157Z","level":"info","event":"ssssss","logger":"task.stdout"}
{"timestamp":"2026-05-01T15:43:52.716347Z","level":"info","event":"ssssss","logger":"task.stdout"}
{"timestamp":"2026-05-01T15:43:52.718915Z","level":"info","event":"ssssss","logger":"task.stdout"}
{"timestamp":"2026-05-01T15:43:52.721488Z","level":"info","event":"ssssss","logger":"task.stdout"}
{"timestamp":"2026-05-01T15:43:52.723979Z","level":"info","event":"ssssss","logger":"task.stdout"}
{"timestamp":"2026-05-01T15:43:52.727183Z","level":"info","event":"ssssss","logger":"task.stdout"}
{"timestamp":"2026-05-01T15:43:52.729685Z","level":"info","event":"ssssss","logger":"task.stdout"}
{"timestamp":"2026-05-01T15:43:52.731978Z","level":"info","event":"ssssss","logger":"task.stdout"}
{"timestamp":"2026-05-01T15:43:52.734378Z","level":"info","event":"ssssss","logger":"task.stdout"}
{"timestamp":"2026-05-01T15:43:52.736794Z","level":"info","event":"ssssss","logger":"task.stdout"}
{"timestamp":"2026-05-01T15:43:52.739484Z","level":"info","event":"ssssss","logger":"task.stdout"}
{"timestamp":"2026-05-01T15:43:52.743055Z","level":"info","event":"ssssss","logger":"task.stdout"}
{"timestamp":"2026-05-01T15:43:52.746011Z","level":"info","event":"ssssss","logger":"task.stdout"}
{"timestamp":"2026-05-01T15:43:52.748545Z","level":"info","event":"ssssss","logger":"task.stdout"}
{"timestamp":"2026-05-01T15:43:52.751164Z","level":"info","event":"ssssss","logger":"task.stdout"}
{"timestamp":"2026-05-01T15:43:52.753448Z","level":"info","event":"ssssss","logger":"task.stdout"}
{"timestamp":"2026-05-01T15:43:52.756400Z","level":"info","event":"ssssss","logger":"task.stdout"}
{"timestamp":"2026-05-01T15:43:52.760254Z","level":"info","event":"ssssss","logger":"task.stdout"}
{"timestamp":"2026-05-01T15:43:52.764846Z","level":"info","event":"ssssss","logger":"task.stdout"}
{"timestamp":"2026-05-01T15:43:52.768347Z","level":"info","event":"ssssss","logger":"task.stdout"}
{"timestamp":"2026-05-01T15:43:52.771572Z","level":"info","event":"ssssss","logger":"task.stdout"}
{"timestamp":"2026-05-01T15:43:52.776770Z","level":"info","event":"ssssss","logger":"task.stdout"}
{"timestamp":"2026-05-01T15:43:52.779723Z","level":"info","event":"ssssss","logger":"task.stdout"}
{"timestamp":"2026-05-01T15:43:52.782110Z","level":"info","event":"ssssss","logger":"task.stdout"}
{"timestamp":"2026-05-01T15:43:52.785121Z","level":"info","event":"ssssss","logger":"task.stdout"}
{"timestamp":"2026-05-01T15:43:52.789133Z","level":"info","event":"ssssss","logger":"task.stdout"}
{"timestamp":"2026-05-01T15:43:52.792807Z","level":"info","event":"ssssss","logger":"task.stdout"}
{"timestamp":"2026-05-01T15:43:52.795571Z","level":"info","event":"ssssss","logger":"task.stdout"}
{"timestamp":"2026-05-01T15:43:52.798129Z","level":"info","event":"ssssss","logger":"task.stdout"}
{"timestamp":"2026-05-01T15:43:52.801165Z","level":"info","event":"ssssss","logger":"task.stdout"}
{"timestamp":"2026-05-01T15:43:52.804942Z","level":"info","event":"ssssss","logger":"task.stdout"}
{"timestamp":"2026-05-01T15:43:52.807889Z","level":"info","event":"ssssss","logger":"task.stdout"}
{"timestamp":"2026-05-01T15:43:52.810625Z","level":"info","event":"ssssss","logger":"task.stdout"}
{"timestamp":"2026-05-01T15:43:52.813472Z","level":"info","event":"ssssss","logger":"task.stdout"}
{"timestamp":"2026-05-01T15:43:52.817373Z","level":"info","event":"ssssss","logger":"task.stdout"}
{"timestamp":"2026-05-01T15:43:52.821330Z","level":"info","event":"ssssss","logger":"task.stdout"}
{"timestamp":"2026-05-01T15:43:52.823544Z","level":"info","event":"ssssss","logger":"task.stdout"}
{"timestamp":"2026-05-01T15:43:52.825435Z","level":"info","event":"ssssss","logger":"task.stdout"}
{"timestamp":"2026-05-01T15:43:52.828003Z","level":"info","event":"ssssss","logger":"task.stdout"}
{"timestamp":"2026-05-01T15:43:52.830461Z","level":"info","event":"ssssss","logger":"task.stdout"}
{"timestamp":"2026-05-01T15:43:52.832791Z","level":"info","event":"ssssss","logger":"task.stdout"}
{"timestamp":"2026-05-01T15:43:52.835523Z","level":"info","event":"ssssss","logger":"task.stdout"}
{"timestamp":"2026-05-01T15:43:52.838436Z","level":"info","event":"ssssss","logger":"task.stdout"}
{"timestamp":"2026-05-01T15:43:52.840804Z","level":"info","event":"ssssss","logger":"task.stdout"}
{"timestamp":"2026-05-01T15:43:52.843295Z","level":"info","event":"ssssss","logger":"task.stdout"}
{"timestamp":"2026-05-01T15:43:52.845426Z","level":"info","event":"ssssss","logger":"task.stdout"}
{"timestamp":"2026-05-01T15:43:52.847940Z","level":"info","event":"ssssss","logger":"task.stdout"}
{"timestamp":"2026-05-01T15:43:52.854788Z","level":"info","event":"ssssss","logger":"task.stdout"}
{"timestamp":"2026-05-01T15:43:52.857283Z","level":"info","event":"ssssss","logger":"task.stdout"}
{"timestamp":"2026-05-01T15:43:52.859696Z","level":"info","event":"ssssss","logger":"task.stdout"}
{"timestamp":"2026-05-01T15:43:52.862125Z","level":"info","event":"ssssss","logger":"task.stdout"}
{"timestamp":"2026-05-01T15:43:52.864487Z","level":"info","event":"ssssss","logger":"task.stdout"}
{"timestamp":"2026-05-01T15:43:52.867307Z","level":"info","event":"ssssss","logger":"task.stdout"}
{"timestamp":"2026-05-01T15:43:52.869982Z","level":"info","event":"ssssss","logger":"task.stdout"}
{"timestamp":"2026-05-01T15:43:52.872308Z","level":"info","event":"ssssss","logger":"task.stdout"}
{"timestamp":"2026-05-01T15:43:52.874829Z","level":"info","event":"ssssss","logger":"task.stdout"}
{"timestamp":"2026-05-01T15:43:52.877041Z","level":"info","event":"ssssss","logger":"task.stdout"}
{"timestamp":"2026-05-01T15:43:52.879587Z","level":"info","event":"ssssss","logger":"task.stdout"}
{"timestamp":"2026-05-01T15:43:52.881924Z","level":"info","event":"ssssss","logger":"task.stdout"}
{"timestamp":"2026-05-01T15:43:52.884341Z","level":"info","event":"ssssss","logger":"task.stdout"}
{"timestamp":"2026-05-01T15:43:52.886614Z","level":"info","event":"ssssss","logger":"task.stdout"}
{"timestamp":"2026-05-01T15:43:52.888752Z","level":"info","event":"ssssss","logger":"task.stdout"}
{"timestamp":"2026-05-01T15:43:52.890725Z","level":"info","event":"ssssss","logger":"task.stdout"}
{"timestamp":"2026-05-01T15:43:52.892529Z","level":"info","event":"ssssss","logger":"task.stdout"}
{"timestamp":"2026-05-01T15:43:52.902098Z","level":"info","event":"ssssss","logger":"task.stdout"}
{"timestamp":"2026-05-01T15:43:52.904069Z","level":"info","event":"ssssss","logger":"task.stdout"}
{"timestamp":"2026-05-01T15:43:52.906428Z","level":"info","event":"ssssss","logger":"task.stdout"}
{"timestamp":"2026-05-01T15:43:52.908776Z","level":"info","event":"ssssss","logger":"task.stdout"}
{"timestamp":"2026-05-01T15:43:52.911531Z","level":"info","event":"ssssss","logger":"task.stdout"}
{"timestamp":"2026-05-01T15:43:52.914100Z","level":"info","event":"ssssss","logger":"task.stdout"}
{"timestamp":"2026-05-01T15:43:52.916956Z","level":"info","event":"ssssss","logger":"task.stdout"}
{"timestamp":"2026-05-01T15:43:52.919303Z","level":"info","event":"ssssss","logger":"task.stdout"}
{"timestamp":"2026-05-01T15:43:52.924516Z","level":"info","event":"ssssss","logger":"task.stdout"}
{"timestamp":"2026-05-01T15:43:52.926755Z","level":"info","event":"ssssss","logger":"task.stdout"}
{"timestamp":"2026-05-01T15:43:52.929429Z","level":"info","event":"ssssss","logger":"task.stdout"}
{"timestamp":"2026-05-01T15:43:52.931924Z","level":"info","event":"ssssss","logger":"task.stdout"}
{"timestamp":"2026-05-01T15:43:52.934368Z","level":"info","event":"ssssss","logger":"task.stdout"}
{"timestamp":"2026-05-01T15:43:52.936434Z","level":"info","event":"ssssss","logger":"task.stdout"}
{"timestamp":"2026-05-01T15:43:52.940121Z","level":"info","event":"close fact movie","logger":"task.stdout"}
{"timestamp":"2026-05-01T15:43:52.940446Z","level":"info","event":"Done. Returned value was: None","logger":"airflow.task.operators.airflow.providers.standard.operators.python.PythonOperator","filename":"python.py","lineno":216}
