{"timestamp":"2026-03-15T01:15:58.679559Z","level":"info","event":"DAG bundles loaded: dags-folder","logger":"airflow.dag_processing.bundles.manager.DagBundlesManager","filename":"manager.py","lineno":179}
{"timestamp":"2026-03-15T01:15:58.725750Z","level":"info","event":"Filling up the DagBag from /opt/airflow/dags/movie_etl_dag.py","logger":"airflow.models.dagbag.DagBag","filename":"dagbag.py","lineno":593}
{"timestamp":"2026-03-15T01:15:59.090597Z","level":"warning","event":"The `airflow.operators.python.PythonOperator` attribute is deprecated. Please use `'airflow.providers.standard.operators.python.PythonOperator'`.","category":"DeprecatedImportWarning","filename":"/opt/airflow/dags/movie_etl_dag.py","lineno":8,"logger":"py.warnings"}
{"timestamp":"2026-03-15T01:16:00.215686Z","level":"info","event":"budget =                                                movies  ...                                            reviews","logger":"task.stdout"}
{"timestamp":"2026-03-15T01:16:00.217413Z","level":"info","event":"0   {'id': 425274, 'details': {'adult': False, 'ba...  ...  [{'review_id': '691890cfea3b47df3c4c9ff5', 'mo...","logger":"task.stdout"}
{"timestamp":"2026-03-15T01:16:00.226591Z","level":"info","event":"1   {'id': 83533, 'details': {'adult': False, 'bac...  ...  [{'review_id': '6943d8d0a56edf751f705664', 'mo...","logger":"task.stdout"}
{"timestamp":"2026-03-15T01:16:00.230204Z","level":"info","event":"2   {'id': 1223601, 'details': {'adult': False, 'b...  ...  [{'review_id': '692af36a96ff27c50d3ce601', 'mo...","logger":"task.stdout"}
{"timestamp":"2026-03-15T01:16:00.230812Z","level":"info","event":"3   {'id': 982843, 'details': {'adult': False, 'ba...  ...  [{'review_id': '6945c6e677a86b44af7ab761', 'mo...","logger":"task.stdout"}
{"timestamp":"2026-03-15T01:16:00.231477Z","level":"info","event":"4   {'id': 1084242, 'details': {'adult': False, 'b...  ...  [{'review_id': '69277274222e5a1e2e3716b3', 'mo...","logger":"task.stdout"}
{"timestamp":"2026-03-15T01:16:00.232043Z","level":"info","event":"..                                                ...  ...                                                ...","logger":"task.stdout"}
{"timestamp":"2026-03-15T01:16:00.239350Z","level":"info","event":"75  {'id': 27205, 'details': {'adult': False, 'bac...  ...  [{'review_id': '589c420fc3a3684cde007279', 'mo...","logger":"task.stdout"}
{"timestamp":"2026-03-15T01:16:00.239997Z","level":"info","event":"76  {'id': 507089, 'details': {'adult': False, 'ba...  ...  [{'review_id': '653a4ad08a0e9b010b29016c', 'mo...","logger":"task.stdout"}
{"timestamp":"2026-03-15T01:16:00.240561Z","level":"info","event":"77  {'id': 1469354, 'details': {'adult': False, 'b...  ...                                                 []","logger":"task.stdout"}
{"timestamp":"2026-03-15T01:16:00.240984Z","level":"info","event":"78  {'id': 911430, 'details': {'adult': False, 'ba...  ...  [{'review_id': '685ef1ed3a418b6dde7ecf4a', 'mo...","logger":"task.stdout"}
{"timestamp":"2026-03-15T01:16:00.241357Z","level":"info","event":"79  {'id': 840326, 'details': {'adult': False, 'ba...  ...  [{'review_id': '645c30ea0231f20139eac8dd', 'mo...","logger":"task.stdout"}
{"timestamp":"2026-03-15T01:16:00.241797Z","level":"info","event":"","logger":"task.stdout"}
{"timestamp":"2026-03-15T01:16:00.242289Z","level":"info","event":"[80 rows x 3 columns]","logger":"task.stdout"}
{"timestamp":"2026-03-15T01:16:02.135505Z","level":"info","event":"gennnnnnnnnnnnnnnnnnre","logger":"task.stdout"}
{"timestamp":"2026-03-15T01:16:02.208924Z","level":"info","event":"    movie_id            genre","logger":"task.stdout"}
{"timestamp":"2026-03-15T01:16:02.232779Z","level":"info","event":"0     425274         Thriller","logger":"task.stdout"}
{"timestamp":"2026-03-15T01:16:02.356811Z","level":"info","event":"0     425274            Crime","logger":"task.stdout"}
{"timestamp":"2026-03-15T01:16:02.436029Z","level":"info","event":"0     425274          Mystery","logger":"task.stdout"}
{"timestamp":"2026-03-15T01:16:02.468782Z","level":"info","event":"1      83533  Science Fiction","logger":"task.stdout"}
{"timestamp":"2026-03-15T01:16:02.502411Z","level":"info","event":"1      83533        Adventure","logger":"task.stdout"}
{"timestamp":"2026-03-15T01:16:02.503708Z","level":"info","event":"..       ...              ...","logger":"task.stdout"}
{"timestamp":"2026-03-15T01:16:02.505281Z","level":"info","event":"77   1469354         Thriller","logger":"task.stdout"}
{"timestamp":"2026-03-15T01:16:02.514687Z","level":"info","event":"78    911430           Action","logger":"task.stdout"}
{"timestamp":"2026-03-15T01:16:02.522721Z","level":"info","event":"78    911430            Drama","logger":"task.stdout"}
{"timestamp":"2026-03-15T01:16:02.523645Z","level":"info","event":"79    840326           Action","logger":"task.stdout"}
{"timestamp":"2026-03-15T01:16:02.524460Z","level":"info","event":"79    840326              War","logger":"task.stdout"}
{"timestamp":"2026-03-15T01:16:02.531446Z","level":"info","event":"","logger":"task.stdout"}
{"timestamp":"2026-03-15T01:16:02.532208Z","level":"info","event":"[224 rows x 2 columns]","logger":"task.stdout"}
{"timestamp":"2026-03-15T01:16:07.220780Z","level":"info","event":"budget = {'movies':     movie_id  ...  original_language","logger":"task.stdout"}
{"timestamp":"2026-03-15T01:16:07.239157Z","level":"info","event":"0     425274  ...                 en","logger":"task.stdout"}
{"timestamp":"2026-03-15T01:16:07.260005Z","level":"info","event":"1      83533  ...                 en","logger":"task.stdout"}
{"timestamp":"2026-03-15T01:16:07.302285Z","level":"info","event":"2    1223601  ...                 fi","logger":"task.stdout"}
{"timestamp":"2026-03-15T01:16:07.305674Z","level":"info","event":"3     982843  ...                 ko","logger":"task.stdout"}
{"timestamp":"2026-03-15T01:16:07.307241Z","level":"info","event":"4    1084242  ...                 en","logger":"task.stdout"}
{"timestamp":"2026-03-15T01:16:07.309428Z","level":"info","event":"..       ...  ...                ...","logger":"task.stdout"}
{"timestamp":"2026-03-15T01:16:07.320272Z","level":"info","event":"75     27205  ...                 en","logger":"task.stdout"}
{"timestamp":"2026-03-15T01:16:07.321698Z","level":"info","event":"76    507089  ...                 en","logger":"task.stdout"}
{"timestamp":"2026-03-15T01:16:07.322500Z","level":"info","event":"77   1469354  ...                 en","logger":"task.stdout"}
{"timestamp":"2026-03-15T01:16:07.335407Z","level":"info","event":"78    911430  ...                 en","logger":"task.stdout"}
{"timestamp":"2026-03-15T01:16:07.354354Z","level":"info","event":"79    840326  ...                 fi","logger":"task.stdout"}
{"timestamp":"2026-03-15T01:16:07.360068Z","level":"info","event":"","logger":"task.stdout"}
{"timestamp":"2026-03-15T01:16:07.360843Z","level":"info","event":"[80 rows x 18 columns], 'movie_genres':     movie_id            genre","logger":"task.stdout"}
{"timestamp":"2026-03-15T01:16:07.363433Z","level":"info","event":"0     425274         Thriller","logger":"task.stdout"}
{"timestamp":"2026-03-15T01:16:07.364275Z","level":"info","event":"0     425274            Crime","logger":"task.stdout"}
{"timestamp":"2026-03-15T01:16:07.364759Z","level":"info","event":"0     425274          Mystery","logger":"task.stdout"}
{"timestamp":"2026-03-15T01:16:07.365185Z","level":"info","event":"1      83533  Science Fiction","logger":"task.stdout"}
{"timestamp":"2026-03-15T01:16:07.365837Z","level":"info","event":"1      83533        Adventure","logger":"task.stdout"}
{"timestamp":"2026-03-15T01:16:07.367420Z","level":"info","event":"..       ...              ...","logger":"task.stdout"}
{"timestamp":"2026-03-15T01:16:07.367901Z","level":"info","event":"77   1469354         Thriller","logger":"task.stdout"}
{"timestamp":"2026-03-15T01:16:07.368611Z","level":"info","event":"78    911430           Action","logger":"task.stdout"}
{"timestamp":"2026-03-15T01:16:07.371468Z","level":"info","event":"78    911430            Drama","logger":"task.stdout"}
{"timestamp":"2026-03-15T01:16:07.372228Z","level":"info","event":"79    840326           Action","logger":"task.stdout"}
{"timestamp":"2026-03-15T01:16:07.377113Z","level":"info","event":"79    840326              War","logger":"task.stdout"}
{"timestamp":"2026-03-15T01:16:07.378099Z","level":"info","event":"","logger":"task.stdout"}
{"timestamp":"2026-03-15T01:16:07.383420Z","level":"info","event":"[224 rows x 2 columns], 'movie_cast':       movie_id  actor_id  ... order popularity","logger":"task.stdout"}
{"timestamp":"2026-03-15T01:16:07.384025Z","level":"info","event":"0       425274     44735  ...     0     5.6558","logger":"task.stdout"}
{"timestamp":"2026-03-15T01:16:07.384420Z","level":"info","event":"1       425274   3918497  ...     1     2.9483","logger":"task.stdout"}
{"timestamp":"2026-03-15T01:16:07.384942Z","level":"info","event":"2       425274   1767250  ...     2     5.8179","logger":"task.stdout"}
{"timestamp":"2026-03-15T01:16:07.385523Z","level":"info","event":"3       425274   1029934  ...     3     3.8425","logger":"task.stdout"}
{"timestamp":"2026-03-15T01:16:07.386110Z","level":"info","event":"4       425274     10882  ...     4    10.4841","logger":"task.stdout"}
{"timestamp":"2026-03-15T01:16:07.386761Z","level":"info","event":"...        ...       ...  ...   ...        ...","logger":"task.stdout"}
{"timestamp":"2026-03-15T01:16:07.387408Z","level":"info","event":"1402    840326   2329587  ...    15     0.7751","logger":"task.stdout"}
{"timestamp":"2026-03-15T01:16:07.391479Z","level":"info","event":"1403    840326   3896427  ...    16     0.0798","logger":"task.stdout"}
{"timestamp":"2026-03-15T01:16:07.400300Z","level":"info","event":"1404    840326   3896428  ...    17     0.0407","logger":"task.stdout"}
{"timestamp":"2026-03-15T01:16:07.400933Z","level":"info","event":"1405    840326   3403707  ...    18     0.0478","logger":"task.stdout"}
{"timestamp":"2026-03-15T01:16:07.401441Z","level":"info","event":"1406    840326   3896429  ...    19     0.0456","logger":"task.stdout"}
{"timestamp":"2026-03-15T01:16:07.412981Z","level":"info","event":"","logger":"task.stdout"}
{"timestamp":"2026-03-15T01:16:07.414504Z","level":"info","event":"[1407 rows x 7 columns], 'movie_reviews':                     review_id  ...  language","logger":"task.stdout"}
{"timestamp":"2026-03-15T01:16:07.417722Z","level":"info","event":"0    691890cfea3b47df3c4c9ff5  ...       NaN","logger":"task.stdout"}
{"timestamp":"2026-03-15T01:16:07.418356Z","level":"info","event":"1    6928c31401823e51fe26c751  ...       NaN","logger":"task.stdout"}
{"timestamp":"2026-03-15T01:16:07.419019Z","level":"info","event":"2    6943d8d0a56edf751f705664  ...       NaN","logger":"task.stdout"}
{"timestamp":"2026-03-15T01:16:07.420053Z","level":"info","event":"3    69457873edfc44b8a97ab51e  ...       NaN","logger":"task.stdout"}
{"timestamp":"2026-03-15T01:16:07.420822Z","level":"info","event":"4    69468cbad49dde55e5fb0ac4  ...       NaN","logger":"task.stdout"}
{"timestamp":"2026-03-15T01:16:07.428163Z","level":"info","event":"..                        ...  ...       ...","logger":"task.stdout"}
{"timestamp":"2026-03-15T01:16:07.432579Z","level":"info","event":"372  64cca50e798e0600ad1830bf  ...       NaN","logger":"task.stdout"}
{"timestamp":"2026-03-15T01:16:07.433758Z","level":"info","event":"373  64cf1ca9303c85013a150ee2  ...       NaN","logger":"task.stdout"}
{"timestamp":"2026-03-15T01:16:07.434755Z","level":"info","event":"374  65bd3c8e2b8a43017b1e3092  ...       NaN","logger":"task.stdout"}
{"timestamp":"2026-03-15T01:16:07.436946Z","level":"info","event":"375  66c8f1db882df41826e4d450  ...       NaN","logger":"task.stdout"}
{"timestamp":"2026-03-15T01:16:07.445460Z","level":"info","event":"376  678389a5601acfe7bd4f174e  ...       NaN","logger":"task.stdout"}
{"timestamp":"2026-03-15T01:16:07.447107Z","level":"info","event":"","logger":"task.stdout"}
{"timestamp":"2026-03-15T01:16:07.450284Z","level":"info","event":"[353 rows x 9 columns]}","logger":"task.stdout"}
{"timestamp":"2026-03-15T01:16:08.109113Z","level":"info","event":"budget =     movie_id  ...  original_language","logger":"task.stdout"}
{"timestamp":"2026-03-15T01:16:08.109945Z","level":"info","event":"0     425274  ...                 en","logger":"task.stdout"}
{"timestamp":"2026-03-15T01:16:08.111183Z","level":"info","event":"1      83533  ...                 en","logger":"task.stdout"}
{"timestamp":"2026-03-15T01:16:08.114463Z","level":"info","event":"2    1223601  ...                 fi","logger":"task.stdout"}
{"timestamp":"2026-03-15T01:16:08.116330Z","level":"info","event":"3     982843  ...                 ko","logger":"task.stdout"}
{"timestamp":"2026-03-15T01:16:08.117501Z","level":"info","event":"4    1084242  ...                 en","logger":"task.stdout"}
{"timestamp":"2026-03-15T01:16:08.119147Z","level":"info","event":"..       ...  ...                ...","logger":"task.stdout"}
{"timestamp":"2026-03-15T01:16:08.120272Z","level":"info","event":"75     27205  ...                 en","logger":"task.stdout"}
{"timestamp":"2026-03-15T01:16:08.121214Z","level":"info","event":"76    507089  ...                 en","logger":"task.stdout"}
{"timestamp":"2026-03-15T01:16:08.122541Z","level":"info","event":"77   1469354  ...                 en","logger":"task.stdout"}
{"timestamp":"2026-03-15T01:16:08.124482Z","level":"info","event":"78    911430  ...                 en","logger":"task.stdout"}
{"timestamp":"2026-03-15T01:16:08.125704Z","level":"info","event":"79    840326  ...                 fi","logger":"task.stdout"}
{"timestamp":"2026-03-15T01:16:08.126464Z","level":"info","event":"","logger":"task.stdout"}
{"timestamp":"2026-03-15T01:16:08.127671Z","level":"info","event":"[80 rows x 18 columns]","logger":"task.stdout"}
{"timestamp":"2026-03-15T01:16:08.115191Z","level":"info","event":"Done. Returned value was: None","logger":"airflow.task.operators.airflow.providers.standard.operators.python.PythonOperator","filename":"python.py","lineno":216}
