{"timestamp":"2026-05-01T13:17:57.176687Z","level":"info","event":"DAG bundles loaded: dags-folder","logger":"airflow.dag_processing.bundles.manager.DagBundlesManager","filename":"manager.py","lineno":179}
{"timestamp":"2026-05-01T13:17:57.210494Z","level":"info","event":"Filling up the DagBag from /opt/airflow/dags/movie_etl_dag.py","logger":"airflow.models.dagbag.DagBag","filename":"dagbag.py","lineno":593}
{"timestamp":"2026-05-01T13:17:58.088348Z","level":"warning","event":"The `airflow.operators.python.PythonOperator` attribute is deprecated. Please use `'airflow.providers.standard.operators.python.PythonOperator'`.","category":"DeprecatedImportWarning","filename":"/opt/airflow/dags/movie_etl_dag.py","lineno":8,"logger":"py.warnings"}
{"timestamp":"2026-05-01T13:18:02.060060Z","level":"info","event":"geeeeenre","logger":"task.stdout"}
{"timestamp":"2026-05-01T13:18:02.420873Z","level":"info","event":"    movie_id            genre","logger":"task.stdout"}
{"timestamp":"2026-05-01T13:18:02.422942Z","level":"info","event":"0     425274         Thriller","logger":"task.stdout"}
{"timestamp":"2026-05-01T13:18:02.431350Z","level":"info","event":"0     425274            Crime","logger":"task.stdout"}
{"timestamp":"2026-05-01T13:18:02.432690Z","level":"info","event":"0     425274          Mystery","logger":"task.stdout"}
{"timestamp":"2026-05-01T13:18:02.442078Z","level":"info","event":"1      83533  Science Fiction","logger":"task.stdout"}
{"timestamp":"2026-05-01T13:18:02.451371Z","level":"info","event":"1      83533        Adventure","logger":"task.stdout"}
{"timestamp":"2026-05-01T13:18:02.462900Z","level":"info","event":"..       ...              ...","logger":"task.stdout"}
{"timestamp":"2026-05-01T13:18:02.466262Z","level":"info","event":"77   1469354         Thriller","logger":"task.stdout"}
{"timestamp":"2026-05-01T13:18:02.478888Z","level":"info","event":"78    911430           Action","logger":"task.stdout"}
{"timestamp":"2026-05-01T13:18:02.506415Z","level":"info","event":"78    911430            Drama","logger":"task.stdout"}
{"timestamp":"2026-05-01T13:18:02.521597Z","level":"info","event":"79    840326           Action","logger":"task.stdout"}
{"timestamp":"2026-05-01T13:18:02.522381Z","level":"info","event":"79    840326              War","logger":"task.stdout"}
{"timestamp":"2026-05-01T13:18:02.536199Z","level":"info","event":"","logger":"task.stdout"}
{"timestamp":"2026-05-01T13:18:03.199815Z","level":"info","event":"[224 rows x 2 columns]","logger":"task.stdout"}
{"timestamp":"2026-05-01T13:18:03.654105Z","level":"info","event":"geeeeenre2","logger":"task.stdout"}
{"timestamp":"2026-05-01T13:18:03.750040Z","level":"info","event":"['Thriller' 'Crime' 'Mystery' 'Science Fiction' 'Adventure' 'Fantasy'","logger":"task.stdout"}
{"timestamp":"2026-05-01T13:18:03.756764Z","level":"info","event":" 'Action' 'War' 'Drama' 'Animation' 'Comedy' 'Family' 'Western' 'Horror'","logger":"task.stdout"}
{"timestamp":"2026-05-01T13:18:03.763130Z","level":"info","event":" 'Romance' 'History' 'Music']","logger":"task.stdout"}
{"timestamp":"2026-05-01T13:18:03.881617Z","level":"info","event":"Done. Returned value was: None","logger":"airflow.task.operators.airflow.providers.standard.operators.python.PythonOperator","filename":"python.py","lineno":216}
