{"timestamp":"2026-05-01T15:43:49.680026Z","level":"info","event":"DAG bundles loaded: dags-folder","logger":"airflow.dag_processing.bundles.manager.DagBundlesManager","filename":"manager.py","lineno":179}
{"timestamp":"2026-05-01T15:43:49.685462Z","level":"info","event":"Filling up the DagBag from /opt/airflow/dags/movie_etl_dag.py","logger":"airflow.models.dagbag.DagBag","filename":"dagbag.py","lineno":593}
{"timestamp":"2026-05-01T15:43:50.017149Z","level":"warning","event":"The `airflow.operators.python.PythonOperator` attribute is deprecated. Please use `'airflow.providers.standard.operators.python.PythonOperator'`.","category":"DeprecatedImportWarning","filename":"/opt/airflow/dags/movie_etl_dag.py","lineno":7,"logger":"py.warnings"}
{"timestamp":"2026-05-01T15:43:50.315242Z","level":"info","event":"daaaaaaaaaaaaate","logger":"task.stdout"}
{"timestamp":"2026-05-01T15:43:50.502621Z","level":"info","event":"<DatetimeArray>","logger":"task.stdout"}
{"timestamp":"2026-05-01T15:43:50.503123Z","level":"info","event":"['2025-11-12 00:00:00', '2025-12-17 00:00:00', '2025-10-21 00:00:00',","logger":"task.stdout"}
{"timestamp":"2026-05-01T15:43:50.503527Z","level":"info","event":" '2025-09-18 00:00:00', '2025-11-26 00:00:00', '2025-10-30 00:00:00',","logger":"task.stdout"}
{"timestamp":"2026-05-01T15:43:50.504031Z","level":"info","event":" '2025-11-11 00:00:00', '2025-06-25 00:00:00', '2025-09-10 00:00:00',","logger":"task.stdout"}
{"timestamp":"2026-05-01T15:43:50.504471Z","level":"info","event":" '2025-06-13 00:00:00', '2025-07-29 00:00:00', '2025-12-03 00:00:00',","logger":"task.stdout"}
{"timestamp":"2026-05-01T15:43:50.504956Z","level":"info","event":" '2025-12-05 00:00:00', '2025-07-11 00:00:00', '2025-10-08 00:00:00',","logger":"task.stdout"}
{"timestamp":"2026-05-01T15:43:50.505401Z","level":"info","event":" '2024-10-23 00:00:00', '2025-12-18 00:00:00', '2025-08-16 00:00:00',","logger":"task.stdout"}
{"timestamp":"2026-05-01T15:43:50.505875Z","level":"info","event":" '2025-09-19 00:00:00', '2025-11-05 00:00:00', '2025-04-26 00:00:00',","logger":"task.stdout"}
{"timestamp":"2026-05-01T15:43:50.506314Z","level":"info","event":" '2025-11-30 00:00:00', '2025-03-14 00:00:00', '2025-10-01 00:00:00',","logger":"task.stdout"}
{"timestamp":"2026-05-01T15:43:50.509012Z","level":"info","event":" '2022-12-14 00:00:00', '2025-07-18 00:00:00', '2009-12-16 00:00:00',","logger":"task.stdout"}
{"timestamp":"2026-05-01T15:43:50.509610Z","level":"info","event":" '2025-01-29 00:00:00', '2024-10-01 00:00:00', '2002-08-09 00:00:00',","logger":"task.stdout"}
{"timestamp":"2026-05-01T15:43:50.510154Z","level":"info","event":" '2014-01-24 00:00:00', '2025-10-17 00:00:00', '2025-07-30 00:00:00',","logger":"task.stdout"}
{"timestamp":"2026-05-01T15:43:50.510684Z","level":"info","event":" '2025-09-23 00:00:00', '2016-02-11 00:00:00', '2025-12-11 00:00:00',","logger":"task.stdout"}
{"timestamp":"2026-05-01T15:43:50.511252Z","level":"info","event":" '2025-11-19 00:00:00', '2025-10-06 00:00:00', '2025-11-07 00:00:00',","logger":"task.stdout"}
{"timestamp":"2026-05-01T15:43:50.511800Z","level":"info","event":" '2025-06-20 00:00:00', '2025-10-23 00:00:00', '2009-05-13 00:00:00',","logger":"task.stdout"}
{"timestamp":"2026-05-01T15:43:50.512313Z","level":"info","event":" '2017-09-06 00:00:00', '2025-11-13 00:00:00', '2025-05-17 00:00:00',","logger":"task.stdout"}
{"timestamp":"2026-05-01T15:43:50.512936Z","level":"info","event":" '2026-03-05 00:00:00', '1972-03-14 00:00:00', '2019-09-04 00:00:00',","logger":"task.stdout"}
{"timestamp":"2026-05-01T15:43:50.513666Z","level":"info","event":" '2025-07-23 00:00:00', '2025-08-14 00:00:00', '2024-09-29 00:00:00',","logger":"task.stdout"}
{"timestamp":"2026-05-01T15:43:50.514217Z","level":"info","event":" '1982-06-11 00:00:00', '2025-11-27 00:00:00', '2025-07-09 00:00:00',","logger":"task.stdout"}
{"timestamp":"2026-05-01T15:43:50.515098Z","level":"info","event":" '2024-07-05 00:00:00', '2000-11-17 00:00:00', '2012-04-25 00:00:00',","logger":"task.stdout"}
{"timestamp":"2026-05-01T15:43:50.515774Z","level":"info","event":" '2025-12-16 00:00:00', '2014-11-05 00:00:00', '2025-02-07 00:00:00',","logger":"task.stdout"}
{"timestamp":"2026-05-01T15:43:50.516692Z","level":"info","event":" '2025-10-15 00:00:00', '2025-07-01 00:00:00', '2024-07-04 00:00:00',","logger":"task.stdout"}
{"timestamp":"2026-05-01T15:43:50.517291Z","level":"info","event":" '2010-07-15 00:00:00', '2023-10-25 00:00:00', '2025-10-20 00:00:00',","logger":"task.stdout"}
{"timestamp":"2026-05-01T15:43:50.518504Z","level":"info","event":" '2022-09-09 00:00:00']","logger":"task.stdout"}
{"timestamp":"2026-05-01T15:43:50.519225Z","level":"info","event":"Length: 67, dtype: datetime64[ns]","logger":"task.stdout"}
{"timestamp":"2026-05-01T15:43:50.538811Z","level":"info","event":"Done. Returned value was: None","logger":"airflow.task.operators.airflow.providers.standard.operators.python.PythonOperator","filename":"python.py","lineno":216}
