{"timestamp":"2026-05-01T13:19:43.060576Z","level":"info","event":"DAG bundles loaded: dags-folder","logger":"airflow.dag_processing.bundles.manager.DagBundlesManager","filename":"manager.py","lineno":179}
{"timestamp":"2026-05-01T13:19:43.100195Z","level":"info","event":"Filling up the DagBag from /opt/airflow/dags/movie_etl_dag.py","logger":"airflow.models.dagbag.DagBag","filename":"dagbag.py","lineno":593}
{"timestamp":"2026-05-01T13:19:45.196913Z","level":"warning","event":"The `airflow.operators.python.PythonOperator` attribute is deprecated. Please use `'airflow.providers.standard.operators.python.PythonOperator'`.","category":"DeprecatedImportWarning","filename":"/opt/airflow/dags/movie_etl_dag.py","lineno":8,"logger":"py.warnings"}
{"timestamp":"2026-05-01T13:19:46.414499Z","level":"info","event":"started movie","logger":"task.stdout"}
{"timestamp":"2026-05-01T13:19:46.731330Z","level":"info","event":"ssssss","logger":"task.stdout"}
{"timestamp":"2026-05-01T13:19:46.813255Z","level":"info","event":"ssssss","logger":"task.stdout"}
{"timestamp":"2026-05-01T13:19:46.834189Z","level":"info","event":"ssssss","logger":"task.stdout"}
{"timestamp":"2026-05-01T13:19:46.887708Z","level":"info","event":"ssssss","logger":"task.stdout"}
{"timestamp":"2026-05-01T13:19:46.933348Z","level":"info","event":"ssssss","logger":"task.stdout"}
{"timestamp":"2026-05-01T13:19:46.994094Z","level":"info","event":"ssssss","logger":"task.stdout"}
{"timestamp":"2026-05-01T13:19:47.021486Z","level":"info","event":"ssssss","logger":"task.stdout"}
{"timestamp":"2026-05-01T13:19:47.041602Z","level":"info","event":"ssssss","logger":"task.stdout"}
{"timestamp":"2026-05-01T13:19:47.055712Z","level":"info","event":"ssssss","logger":"task.stdout"}
{"timestamp":"2026-05-01T13:19:47.074583Z","level":"info","event":"ssssss","logger":"task.stdout"}
{"timestamp":"2026-05-01T13:19:47.079942Z","level":"info","event":"ssssss","logger":"task.stdout"}
{"timestamp":"2026-05-01T13:19:47.098020Z","level":"info","event":"ssssss","logger":"task.stdout"}
{"timestamp":"2026-05-01T13:19:47.129122Z","level":"info","event":"ssssss","logger":"task.stdout"}
{"timestamp":"2026-05-01T13:19:47.176101Z","level":"info","event":"ssssss","logger":"task.stdout"}
{"timestamp":"2026-05-01T13:19:47.201575Z","level":"info","event":"ssssss","logger":"task.stdout"}
{"timestamp":"2026-05-01T13:19:47.247268Z","level":"info","event":"ssssss","logger":"task.stdout"}
{"timestamp":"2026-05-01T13:19:47.265760Z","level":"info","event":"ssssss","logger":"task.stdout"}
{"timestamp":"2026-05-01T13:19:47.285904Z","level":"info","event":"ssssss","logger":"task.stdout"}
{"timestamp":"2026-05-01T13:19:47.297075Z","level":"info","event":"ssssss","logger":"task.stdout"}
{"timestamp":"2026-05-01T13:19:47.307819Z","level":"info","event":"ssssss","logger":"task.stdout"}
{"timestamp":"2026-05-01T13:19:47.315794Z","level":"info","event":"ssssss","logger":"task.stdout"}
{"timestamp":"2026-05-01T13:19:47.341227Z","level":"info","event":"ssssss","logger":"task.stdout"}
{"timestamp":"2026-05-01T13:19:47.350674Z","level":"info","event":"ssssss","logger":"task.stdout"}
{"timestamp":"2026-05-01T13:19:47.358322Z","level":"info","event":"ssssss","logger":"task.stdout"}
{"timestamp":"2026-05-01T13:19:47.365259Z","level":"info","event":"ssssss","logger":"task.stdout"}
{"timestamp":"2026-05-01T13:19:47.385880Z","level":"info","event":"ssssss","logger":"task.stdout"}
{"timestamp":"2026-05-01T13:19:47.392242Z","level":"info","event":"ssssss","logger":"task.stdout"}
{"timestamp":"2026-05-01T13:19:47.399352Z","level":"info","event":"ssssss","logger":"task.stdout"}
{"timestamp":"2026-05-01T13:19:47.408663Z","level":"info","event":"ssssss","logger":"task.stdout"}
{"timestamp":"2026-05-01T13:19:47.417011Z","level":"info","event":"ssssss","logger":"task.stdout"}
{"timestamp":"2026-05-01T13:19:47.422238Z","level":"info","event":"ssssss","logger":"task.stdout"}
{"timestamp":"2026-05-01T13:19:47.426081Z","level":"info","event":"ssssss","logger":"task.stdout"}
{"timestamp":"2026-05-01T13:19:47.437043Z","level":"info","event":"ssssss","logger":"task.stdout"}
{"timestamp":"2026-05-01T13:19:47.450158Z","level":"info","event":"ssssss","logger":"task.stdout"}
{"timestamp":"2026-05-01T13:19:47.456948Z","level":"info","event":"ssssss","logger":"task.stdout"}
{"timestamp":"2026-05-01T13:19:47.466437Z","level":"info","event":"ssssss","logger":"task.stdout"}
{"timestamp":"2026-05-01T13:19:47.474483Z","level":"info","event":"ssssss","logger":"task.stdout"}
{"timestamp":"2026-05-01T13:19:47.488795Z","level":"info","event":"ssssss","logger":"task.stdout"}
{"timestamp":"2026-05-01T13:19:47.494617Z","level":"info","event":"ssssss","logger":"task.stdout"}
{"timestamp":"2026-05-01T13:19:47.509612Z","level":"info","event":"ssssss","logger":"task.stdout"}
{"timestamp":"2026-05-01T13:19:47.522138Z","level":"info","event":"ssssss","logger":"task.stdout"}
{"timestamp":"2026-05-01T13:19:47.534550Z","level":"info","event":"ssssss","logger":"task.stdout"}
{"timestamp":"2026-05-01T13:19:49.284188Z","level":"info","event":"ssssss","logger":"task.stdout"}
{"timestamp":"2026-05-01T13:19:49.332781Z","level":"info","event":"ssssss","logger":"task.stdout"}
{"timestamp":"2026-05-01T13:19:49.343372Z","level":"info","event":"ssssss","logger":"task.stdout"}
{"timestamp":"2026-05-01T13:19:49.363143Z","level":"info","event":"ssssss","logger":"task.stdout"}
{"timestamp":"2026-05-01T13:19:49.374061Z","level":"info","event":"ssssss","logger":"task.stdout"}
{"timestamp":"2026-05-01T13:19:49.384226Z","level":"info","event":"ssssss","logger":"task.stdout"}
{"timestamp":"2026-05-01T13:19:49.397158Z","level":"info","event":"ssssss","logger":"task.stdout"}
{"timestamp":"2026-05-01T13:19:49.415376Z","level":"info","event":"ssssss","logger":"task.stdout"}
{"timestamp":"2026-05-01T13:19:49.425627Z","level":"info","event":"ssssss","logger":"task.stdout"}
{"timestamp":"2026-05-01T13:19:49.434930Z","level":"info","event":"ssssss","logger":"task.stdout"}
{"timestamp":"2026-05-01T13:19:49.459883Z","level":"info","event":"ssssss","logger":"task.stdout"}
{"timestamp":"2026-05-01T13:19:49.476291Z","level":"info","event":"ssssss","logger":"task.stdout"}
{"timestamp":"2026-05-01T13:19:49.489121Z","level":"info","event":"ssssss","logger":"task.stdout"}
{"timestamp":"2026-05-01T13:19:49.511551Z","level":"info","event":"ssssss","logger":"task.stdout"}
{"timestamp":"2026-05-01T13:19:49.542989Z","level":"info","event":"ssssss","logger":"task.stdout"}
{"timestamp":"2026-05-01T13:19:49.563960Z","level":"info","event":"ssssss","logger":"task.stdout"}
{"timestamp":"2026-05-01T13:19:49.574989Z","level":"info","event":"ssssss","logger":"task.stdout"}
{"timestamp":"2026-05-01T13:19:49.592635Z","level":"info","event":"ssssss","logger":"task.stdout"}
{"timestamp":"2026-05-01T13:19:49.616066Z","level":"info","event":"ssssss","logger":"task.stdout"}
{"timestamp":"2026-05-01T13:19:49.633111Z","level":"info","event":"ssssss","logger":"task.stdout"}
{"timestamp":"2026-05-01T13:19:49.645023Z","level":"info","event":"ssssss","logger":"task.stdout"}
{"timestamp":"2026-05-01T13:19:49.656225Z","level":"info","event":"ssssss","logger":"task.stdout"}
{"timestamp":"2026-05-01T13:19:49.670831Z","level":"info","event":"ssssss","logger":"task.stdout"}
{"timestamp":"2026-05-01T13:19:49.729381Z","level":"info","event":"ssssss","logger":"task.stdout"}
{"timestamp":"2026-05-01T13:19:49.744421Z","level":"info","event":"ssssss","logger":"task.stdout"}
{"timestamp":"2026-05-01T13:19:49.755813Z","level":"info","event":"ssssss","logger":"task.stdout"}
{"timestamp":"2026-05-01T13:19:49.780644Z","level":"info","event":"ssssss","logger":"task.stdout"}
{"timestamp":"2026-05-01T13:19:49.797375Z","level":"info","event":"ssssss","logger":"task.stdout"}
{"timestamp":"2026-05-01T13:19:49.814798Z","level":"info","event":"ssssss","logger":"task.stdout"}
{"timestamp":"2026-05-01T13:19:49.826060Z","level":"info","event":"ssssss","logger":"task.stdout"}
{"timestamp":"2026-05-01T13:19:49.835365Z","level":"info","event":"ssssss","logger":"task.stdout"}
{"timestamp":"2026-05-01T13:19:50.320895Z","level":"info","event":"ssssss","logger":"task.stdout"}
{"timestamp":"2026-05-01T13:19:50.325992Z","level":"info","event":"ssssss","logger":"task.stdout"}
{"timestamp":"2026-05-01T13:19:50.372845Z","level":"info","event":"ssssss","logger":"task.stdout"}
{"timestamp":"2026-05-01T13:19:50.378266Z","level":"info","event":"ssssss","logger":"task.stdout"}
{"timestamp":"2026-05-01T13:19:50.381626Z","level":"info","event":"ssssss","logger":"task.stdout"}
{"timestamp":"2026-05-01T13:19:50.382753Z","level":"info","event":"ssssss","logger":"task.stdout"}
{"timestamp":"2026-05-01T13:19:50.383883Z","level":"info","event":"close fact movie","logger":"task.stdout"}
{"timestamp":"2026-05-01T13:19:49.956777Z","level":"info","event":"Done. Returned value was: None","logger":"airflow.task.operators.airflow.providers.standard.operators.python.PythonOperator","filename":"python.py","lineno":216}
