{"timestamp":"2026-05-01T15:56:49.400617Z","level":"info","event":"DAG bundles loaded: dags-folder","logger":"airflow.dag_processing.bundles.manager.DagBundlesManager","filename":"manager.py","lineno":179}
{"timestamp":"2026-05-01T15:56:49.403035Z","level":"info","event":"Filling up the DagBag from /opt/airflow/dags/movie_etl_dag.py","logger":"airflow.models.dagbag.DagBag","filename":"dagbag.py","lineno":593}
{"timestamp":"2026-05-01T15:56:49.690343Z","level":"warning","event":"The `airflow.operators.python.PythonOperator` attribute is deprecated. Please use `'airflow.providers.standard.operators.python.PythonOperator'`.","category":"DeprecatedImportWarning","filename":"/opt/airflow/dags/movie_etl_dag.py","lineno":7,"logger":"py.warnings"}
{"timestamp":"2026-05-01T15:56:50.000987Z","level":"info","event":"started movie","logger":"task.stdout"}
{"timestamp":"2026-05-01T15:56:50.113509Z","level":"info","event":"ssssss","logger":"task.stdout"}
{"timestamp":"2026-05-01T15:56:50.129286Z","level":"info","event":"ssssss","logger":"task.stdout"}
{"timestamp":"2026-05-01T15:56:50.151837Z","level":"info","event":"ssssss","logger":"task.stdout"}
{"timestamp":"2026-05-01T15:56:50.166380Z","level":"info","event":"ssssss","logger":"task.stdout"}
{"timestamp":"2026-05-01T15:56:50.182226Z","level":"info","event":"ssssss","logger":"task.stdout"}
{"timestamp":"2026-05-01T15:56:50.183207Z","level":"info","event":"ssssss","logger":"task.stdout"}
{"timestamp":"2026-05-01T15:56:50.183703Z","level":"info","event":"ssssss","logger":"task.stdout"}
{"timestamp":"2026-05-01T15:56:50.184145Z","level":"info","event":"ssssss","logger":"task.stdout"}
{"timestamp":"2026-05-01T15:56:50.189757Z","level":"info","event":"ssssss","logger":"task.stdout"}
{"timestamp":"2026-05-01T15:56:50.193256Z","level":"info","event":"ssssss","logger":"task.stdout"}
{"timestamp":"2026-05-01T15:56:50.201230Z","level":"info","event":"ssssss","logger":"task.stdout"}
{"timestamp":"2026-05-01T15:56:50.201733Z","level":"info","event":"ssssss","logger":"task.stdout"}
{"timestamp":"2026-05-01T15:56:50.210773Z","level":"info","event":"ssssss","logger":"task.stdout"}
{"timestamp":"2026-05-01T15:56:50.220643Z","level":"info","event":"ssssss","logger":"task.stdout"}
{"timestamp":"2026-05-01T15:56:50.225952Z","level":"info","event":"ssssss","logger":"task.stdout"}
{"timestamp":"2026-05-01T15:56:50.226731Z","level":"info","event":"ssssss","logger":"task.stdout"}
{"timestamp":"2026-05-01T15:56:50.238810Z","level":"info","event":"ssssss","logger":"task.stdout"}
{"timestamp":"2026-05-01T15:56:50.240655Z","level":"info","event":"ssssss","logger":"task.stdout"}
{"timestamp":"2026-05-01T15:56:50.259868Z","level":"info","event":"ssssss","logger":"task.stdout"}
{"timestamp":"2026-05-01T15:56:50.262878Z","level":"info","event":"ssssss","logger":"task.stdout"}
{"timestamp":"2026-05-01T15:56:50.265870Z","level":"info","event":"ssssss","logger":"task.stdout"}
{"timestamp":"2026-05-01T15:56:50.269042Z","level":"info","event":"ssssss","logger":"task.stdout"}
{"timestamp":"2026-05-01T15:56:50.273527Z","level":"info","event":"ssssss","logger":"task.stdout"}
{"timestamp":"2026-05-01T15:56:50.284035Z","level":"info","event":"ssssss","logger":"task.stdout"}
{"timestamp":"2026-05-01T15:56:50.287010Z","level":"info","event":"ssssss","logger":"task.stdout"}
{"timestamp":"2026-05-01T15:56:50.291515Z","level":"info","event":"ssssss","logger":"task.stdout"}
{"timestamp":"2026-05-01T15:56:50.293743Z","level":"info","event":"ssssss","logger":"task.stdout"}
{"timestamp":"2026-05-01T15:56:50.300037Z","level":"info","event":"ssssss","logger":"task.stdout"}
{"timestamp":"2026-05-01T15:56:50.304343Z","level":"info","event":"ssssss","logger":"task.stdout"}
{"timestamp":"2026-05-01T15:56:50.309160Z","level":"info","event":"ssssss","logger":"task.stdout"}
{"timestamp":"2026-05-01T15:56:50.313322Z","level":"info","event":"ssssss","logger":"task.stdout"}
{"timestamp":"2026-05-01T15:56:50.321435Z","level":"info","event":"ssssss","logger":"task.stdout"}
{"timestamp":"2026-05-01T15:56:50.326164Z","level":"info","event":"ssssss","logger":"task.stdout"}
{"timestamp":"2026-05-01T15:56:50.329178Z","level":"info","event":"ssssss","logger":"task.stdout"}
{"timestamp":"2026-05-01T15:56:50.335561Z","level":"info","event":"ssssss","logger":"task.stdout"}
{"timestamp":"2026-05-01T15:56:50.338829Z","level":"info","event":"ssssss","logger":"task.stdout"}
{"timestamp":"2026-05-01T15:56:50.341666Z","level":"info","event":"ssssss","logger":"task.stdout"}
{"timestamp":"2026-05-01T15:56:50.344655Z","level":"info","event":"ssssss","logger":"task.stdout"}
{"timestamp":"2026-05-01T15:56:50.349787Z","level":"info","event":"ssssss","logger":"task.stdout"}
{"timestamp":"2026-05-01T15:56:50.352235Z","level":"info","event":"ssssss","logger":"task.stdout"}
{"timestamp":"2026-05-01T15:56:50.354629Z","level":"info","event":"ssssss","logger":"task.stdout"}
{"timestamp":"2026-05-01T15:56:50.357435Z","level":"info","event":"ssssss","logger":"task.stdout"}
{"timestamp":"2026-05-01T15:56:50.360262Z","level":"info","event":"ssssss","logger":"task.stdout"}
{"timestamp":"2026-05-01T15:56:50.363614Z","level":"info","event":"ssssss","logger":"task.stdout"}
{"timestamp":"2026-05-01T15:56:50.367698Z","level":"info","event":"ssssss","logger":"task.stdout"}
{"timestamp":"2026-05-01T15:56:50.370433Z","level":"info","event":"ssssss","logger":"task.stdout"}
{"timestamp":"2026-05-01T15:56:50.373179Z","level":"info","event":"ssssss","logger":"task.stdout"}
{"timestamp":"2026-05-01T15:56:50.375377Z","level":"info","event":"ssssss","logger":"task.stdout"}
{"timestamp":"2026-05-01T15:56:50.378067Z","level":"info","event":"ssssss","logger":"task.stdout"}
{"timestamp":"2026-05-01T15:56:50.380792Z","level":"info","event":"ssssss","logger":"task.stdout"}
{"timestamp":"2026-05-01T15:56:50.383371Z","level":"info","event":"ssssss","logger":"task.stdout"}
{"timestamp":"2026-05-01T15:56:50.386083Z","level":"info","event":"ssssss","logger":"task.stdout"}
{"timestamp":"2026-05-01T15:56:50.388820Z","level":"info","event":"ssssss","logger":"task.stdout"}
{"timestamp":"2026-05-01T15:56:50.391694Z","level":"info","event":"ssssss","logger":"task.stdout"}
{"timestamp":"2026-05-01T15:56:50.395158Z","level":"info","event":"ssssss","logger":"task.stdout"}
{"timestamp":"2026-05-01T15:56:50.397398Z","level":"info","event":"ssssss","logger":"task.stdout"}
{"timestamp":"2026-05-01T15:56:50.399957Z","level":"info","event":"ssssss","logger":"task.stdout"}
{"timestamp":"2026-05-01T15:56:50.402933Z","level":"info","event":"ssssss","logger":"task.stdout"}
{"timestamp":"2026-05-01T15:56:50.406143Z","level":"info","event":"ssssss","logger":"task.stdout"}
{"timestamp":"2026-05-01T15:56:50.409822Z","level":"info","event":"ssssss","logger":"task.stdout"}
{"timestamp":"2026-05-01T15:56:50.412972Z","level":"info","event":"ssssss","logger":"task.stdout"}
{"timestamp":"2026-05-01T15:56:50.415972Z","level":"info","event":"ssssss","logger":"task.stdout"}
{"timestamp":"2026-05-01T15:56:50.418963Z","level":"info","event":"ssssss","logger":"task.stdout"}
{"timestamp":"2026-05-01T15:56:50.422431Z","level":"info","event":"ssssss","logger":"task.stdout"}
{"timestamp":"2026-05-01T15:56:50.424733Z","level":"info","event":"ssssss","logger":"task.stdout"}
{"timestamp":"2026-05-01T15:56:50.431680Z","level":"info","event":"ssssss","logger":"task.stdout"}
{"timestamp":"2026-05-01T15:56:50.434529Z","level":"info","event":"ssssss","logger":"task.stdout"}
{"timestamp":"2026-05-01T15:56:50.437358Z","level":"info","event":"ssssss","logger":"task.stdout"}
{"timestamp":"2026-05-01T15:56:50.440279Z","level":"info","event":"ssssss","logger":"task.stdout"}
{"timestamp":"2026-05-01T15:56:50.442958Z","level":"info","event":"ssssss","logger":"task.stdout"}
{"timestamp":"2026-05-01T15:56:50.446103Z","level":"info","event":"ssssss","logger":"task.stdout"}
{"timestamp":"2026-05-01T15:56:50.449269Z","level":"info","event":"ssssss","logger":"task.stdout"}
{"timestamp":"2026-05-01T15:56:50.452339Z","level":"info","event":"ssssss","logger":"task.stdout"}
{"timestamp":"2026-05-01T15:56:50.455238Z","level":"info","event":"ssssss","logger":"task.stdout"}
{"timestamp":"2026-05-01T15:56:50.458352Z","level":"info","event":"ssssss","logger":"task.stdout"}
{"timestamp":"2026-05-01T15:56:50.461374Z","level":"info","event":"ssssss","logger":"task.stdout"}
{"timestamp":"2026-05-01T15:56:50.463718Z","level":"info","event":"ssssss","logger":"task.stdout"}
{"timestamp":"2026-05-01T15:56:50.466724Z","level":"info","event":"ssssss","logger":"task.stdout"}
{"timestamp":"2026-05-01T15:56:50.469859Z","level":"info","event":"ssssss","logger":"task.stdout"}
{"timestamp":"2026-05-01T15:56:50.474296Z","level":"info","event":"close fact movie","logger":"task.stdout"}
{"timestamp":"2026-05-01T15:56:50.474567Z","level":"info","event":"Done. Returned value was: None","logger":"airflow.task.operators.airflow.providers.standard.operators.python.PythonOperator","filename":"python.py","lineno":216}
