{"timestamp":"2026-03-15T01:21:06.934021Z","level":"info","event":"DAG bundles loaded: dags-folder","logger":"airflow.dag_processing.bundles.manager.DagBundlesManager","filename":"manager.py","lineno":179}
{"timestamp":"2026-03-15T01:21:06.936164Z","level":"info","event":"Filling up the DagBag from /opt/airflow/dags/movie_etl_dag.py","logger":"airflow.models.dagbag.DagBag","filename":"dagbag.py","lineno":593}
{"timestamp":"2026-03-15T01:21:07.015460Z","level":"warning","event":"The `airflow.operators.python.PythonOperator` attribute is deprecated. Please use `'airflow.providers.standard.operators.python.PythonOperator'`.","category":"DeprecatedImportWarning","filename":"/opt/airflow/dags/movie_etl_dag.py","lineno":8,"logger":"py.warnings"}
{"timestamp":"2026-03-15T01:21:07.858003Z","level":"info","event":"budget =                                                movies  ...                                            reviews","logger":"task.stdout"}
{"timestamp":"2026-03-15T01:21:07.858679Z","level":"info","event":"0   {'id': 425274, 'details': {'adult': False, 'ba...  ...  [{'review_id': '691890cfea3b47df3c4c9ff5', 'mo...","logger":"task.stdout"}
{"timestamp":"2026-03-15T01:21:07.859256Z","level":"info","event":"1   {'id': 83533, 'details': {'adult': False, 'bac...  ...  [{'review_id': '6943d8d0a56edf751f705664', 'mo...","logger":"task.stdout"}
{"timestamp":"2026-03-15T01:21:07.859856Z","level":"info","event":"2   {'id': 1223601, 'details': {'adult': False, 'b...  ...  [{'review_id': '692af36a96ff27c50d3ce601', 'mo...","logger":"task.stdout"}
{"timestamp":"2026-03-15T01:21:07.860420Z","level":"info","event":"3   {'id': 982843, 'details': {'adult': False, 'ba...  ...  [{'review_id': '6945c6e677a86b44af7ab761', 'mo...","logger":"task.stdout"}
{"timestamp":"2026-03-15T01:21:07.860851Z","level":"info","event":"4   {'id': 1084242, 'details': {'adult': False, 'b...  ...  [{'review_id': '69277274222e5a1e2e3716b3', 'mo...","logger":"task.stdout"}
{"timestamp":"2026-03-15T01:21:07.861565Z","level":"info","event":"..                                                ...  ...                                                ...","logger":"task.stdout"}
{"timestamp":"2026-03-15T01:21:07.862121Z","level":"info","event":"75  {'id': 27205, 'details': {'adult': False, 'bac...  ...  [{'review_id': '589c420fc3a3684cde007279', 'mo...","logger":"task.stdout"}
{"timestamp":"2026-03-15T01:21:07.862979Z","level":"info","event":"76  {'id': 507089, 'details': {'adult': False, 'ba...  ...  [{'review_id': '653a4ad08a0e9b010b29016c', 'mo...","logger":"task.stdout"}
{"timestamp":"2026-03-15T01:21:07.863720Z","level":"info","event":"77  {'id': 1469354, 'details': {'adult': False, 'b...  ...                                                 []","logger":"task.stdout"}
{"timestamp":"2026-03-15T01:21:07.864194Z","level":"info","event":"78  {'id': 911430, 'details': {'adult': False, 'ba...  ...  [{'review_id': '685ef1ed3a418b6dde7ecf4a', 'mo...","logger":"task.stdout"}
{"timestamp":"2026-03-15T01:21:07.864675Z","level":"info","event":"79  {'id': 840326, 'details': {'adult': False, 'ba...  ...  [{'review_id': '645c30ea0231f20139eac8dd', 'mo...","logger":"task.stdout"}
{"timestamp":"2026-03-15T01:21:07.865137Z","level":"info","event":"","logger":"task.stdout"}
{"timestamp":"2026-03-15T01:21:07.865582Z","level":"info","event":"[80 rows x 3 columns]","logger":"task.stdout"}
{"timestamp":"2026-03-15T01:21:09.283636Z","level":"info","event":"gennnnnnnnnnnnnnnnnnre","logger":"task.stdout"}
{"timestamp":"2026-03-15T01:21:09.310919Z","level":"info","event":"    movie_id            genre","logger":"task.stdout"}
{"timestamp":"2026-03-15T01:21:09.328005Z","level":"info","event":"0     425274         Thriller","logger":"task.stdout"}
{"timestamp":"2026-03-15T01:21:09.342986Z","level":"info","event":"0     425274            Crime","logger":"task.stdout"}
{"timestamp":"2026-03-15T01:21:09.392344Z","level":"info","event":"0     425274          Mystery","logger":"task.stdout"}
{"timestamp":"2026-03-15T01:21:09.457084Z","level":"info","event":"1      83533  Science Fiction","logger":"task.stdout"}
{"timestamp":"2026-03-15T01:21:09.473624Z","level":"info","event":"1      83533        Adventure","logger":"task.stdout"}
{"timestamp":"2026-03-15T01:21:09.482989Z","level":"info","event":"..       ...              ...","logger":"task.stdout"}
{"timestamp":"2026-03-15T01:21:09.495658Z","level":"info","event":"77   1469354         Thriller","logger":"task.stdout"}
{"timestamp":"2026-03-15T01:21:09.511439Z","level":"info","event":"78    911430           Action","logger":"task.stdout"}
{"timestamp":"2026-03-15T01:21:09.513911Z","level":"info","event":"78    911430            Drama","logger":"task.stdout"}
{"timestamp":"2026-03-15T01:21:09.514476Z","level":"info","event":"79    840326           Action","logger":"task.stdout"}
{"timestamp":"2026-03-15T01:21:09.515030Z","level":"info","event":"79    840326              War","logger":"task.stdout"}
{"timestamp":"2026-03-15T01:21:09.519406Z","level":"info","event":"","logger":"task.stdout"}
{"timestamp":"2026-03-15T01:21:09.520101Z","level":"info","event":"[224 rows x 2 columns]","logger":"task.stdout"}
{"timestamp":"2026-03-15T01:21:10.875747Z","level":"info","event":"budget = {'movies':     movie_id  ...  original_language","logger":"task.stdout"}
{"timestamp":"2026-03-15T01:21:10.876856Z","level":"info","event":"0     425274  ...                 en","logger":"task.stdout"}
{"timestamp":"2026-03-15T01:21:10.877558Z","level":"info","event":"1      83533  ...                 en","logger":"task.stdout"}
{"timestamp":"2026-03-15T01:21:10.900560Z","level":"info","event":"2    1223601  ...                 fi","logger":"task.stdout"}
{"timestamp":"2026-03-15T01:21:10.915951Z","level":"info","event":"3     982843  ...                 ko","logger":"task.stdout"}
{"timestamp":"2026-03-15T01:21:10.922273Z","level":"info","event":"4    1084242  ...                 en","logger":"task.stdout"}
{"timestamp":"2026-03-15T01:21:10.923053Z","level":"info","event":"..       ...  ...                ...","logger":"task.stdout"}
{"timestamp":"2026-03-15T01:21:10.923970Z","level":"info","event":"75     27205  ...                 en","logger":"task.stdout"}
{"timestamp":"2026-03-15T01:21:10.924548Z","level":"info","event":"76    507089  ...                 en","logger":"task.stdout"}
{"timestamp":"2026-03-15T01:21:10.925096Z","level":"info","event":"77   1469354  ...                 en","logger":"task.stdout"}
{"timestamp":"2026-03-15T01:21:10.931692Z","level":"info","event":"78    911430  ...                 en","logger":"task.stdout"}
{"timestamp":"2026-03-15T01:21:10.932472Z","level":"info","event":"79    840326  ...                 fi","logger":"task.stdout"}
{"timestamp":"2026-03-15T01:21:10.933346Z","level":"info","event":"","logger":"task.stdout"}
{"timestamp":"2026-03-15T01:21:10.934011Z","level":"info","event":"[80 rows x 18 columns], 'movie_genres':     movie_id            genre","logger":"task.stdout"}
{"timestamp":"2026-03-15T01:21:10.934999Z","level":"info","event":"0     425274         Thriller","logger":"task.stdout"}
{"timestamp":"2026-03-15T01:21:10.935606Z","level":"info","event":"0     425274            Crime","logger":"task.stdout"}
{"timestamp":"2026-03-15T01:21:10.936429Z","level":"info","event":"0     425274          Mystery","logger":"task.stdout"}
{"timestamp":"2026-03-15T01:21:10.937213Z","level":"info","event":"1      83533  Science Fiction","logger":"task.stdout"}
{"timestamp":"2026-03-15T01:21:10.938318Z","level":"info","event":"1      83533        Adventure","logger":"task.stdout"}
{"timestamp":"2026-03-15T01:21:10.939403Z","level":"info","event":"..       ...              ...","logger":"task.stdout"}
{"timestamp":"2026-03-15T01:21:10.940102Z","level":"info","event":"77   1469354         Thriller","logger":"task.stdout"}
{"timestamp":"2026-03-15T01:21:10.940593Z","level":"info","event":"78    911430           Action","logger":"task.stdout"}
{"timestamp":"2026-03-15T01:21:10.941089Z","level":"info","event":"78    911430            Drama","logger":"task.stdout"}
{"timestamp":"2026-03-15T01:21:10.941545Z","level":"info","event":"79    840326           Action","logger":"task.stdout"}
{"timestamp":"2026-03-15T01:21:10.942062Z","level":"info","event":"79    840326              War","logger":"task.stdout"}
{"timestamp":"2026-03-15T01:21:10.942553Z","level":"info","event":"","logger":"task.stdout"}
{"timestamp":"2026-03-15T01:21:10.942973Z","level":"info","event":"[224 rows x 2 columns], 'movie_cast':       movie_id  actor_id  ... order popularity","logger":"task.stdout"}
{"timestamp":"2026-03-15T01:21:10.943523Z","level":"info","event":"0       425274     44735  ...     0     5.6558","logger":"task.stdout"}
{"timestamp":"2026-03-15T01:21:10.944333Z","level":"info","event":"1       425274   3918497  ...     1     2.9483","logger":"task.stdout"}
{"timestamp":"2026-03-15T01:21:10.946162Z","level":"info","event":"2       425274   1767250  ...     2     5.8179","logger":"task.stdout"}
{"timestamp":"2026-03-15T01:21:10.947121Z","level":"info","event":"3       425274   1029934  ...     3     3.8425","logger":"task.stdout"}
{"timestamp":"2026-03-15T01:21:10.948660Z","level":"info","event":"4       425274     10882  ...     4    10.4841","logger":"task.stdout"}
{"timestamp":"2026-03-15T01:21:10.951941Z","level":"info","event":"...        ...       ...  ...   ...        ...","logger":"task.stdout"}
{"timestamp":"2026-03-15T01:21:10.955033Z","level":"info","event":"1402    840326   2329587  ...    15     0.7751","logger":"task.stdout"}
{"timestamp":"2026-03-15T01:21:10.958987Z","level":"info","event":"1403    840326   3896427  ...    16     0.0798","logger":"task.stdout"}
{"timestamp":"2026-03-15T01:21:10.963922Z","level":"info","event":"1404    840326   3896428  ...    17     0.0407","logger":"task.stdout"}
{"timestamp":"2026-03-15T01:21:10.965668Z","level":"info","event":"1405    840326   3403707  ...    18     0.0478","logger":"task.stdout"}
{"timestamp":"2026-03-15T01:21:10.966747Z","level":"info","event":"1406    840326   3896429  ...    19     0.0456","logger":"task.stdout"}
{"timestamp":"2026-03-15T01:21:10.967956Z","level":"info","event":"","logger":"task.stdout"}
{"timestamp":"2026-03-15T01:21:10.969025Z","level":"info","event":"[1407 rows x 7 columns], 'movie_reviews':                     review_id  ...  language","logger":"task.stdout"}
{"timestamp":"2026-03-15T01:21:10.976817Z","level":"info","event":"0    691890cfea3b47df3c4c9ff5  ...       NaN","logger":"task.stdout"}
{"timestamp":"2026-03-15T01:21:10.981160Z","level":"info","event":"1    6928c31401823e51fe26c751  ...       NaN","logger":"task.stdout"}
{"timestamp":"2026-03-15T01:21:10.981968Z","level":"info","event":"2    6943d8d0a56edf751f705664  ...       NaN","logger":"task.stdout"}
{"timestamp":"2026-03-15T01:21:10.982483Z","level":"info","event":"3    69457873edfc44b8a97ab51e  ...       NaN","logger":"task.stdout"}
{"timestamp":"2026-03-15T01:21:10.982938Z","level":"info","event":"4    69468cbad49dde55e5fb0ac4  ...       NaN","logger":"task.stdout"}
{"timestamp":"2026-03-15T01:21:10.983409Z","level":"info","event":"..                        ...  ...       ...","logger":"task.stdout"}
{"timestamp":"2026-03-15T01:21:10.983784Z","level":"info","event":"372  64cca50e798e0600ad1830bf  ...       NaN","logger":"task.stdout"}
{"timestamp":"2026-03-15T01:21:10.984325Z","level":"info","event":"373  64cf1ca9303c85013a150ee2  ...       NaN","logger":"task.stdout"}
{"timestamp":"2026-03-15T01:21:10.992693Z","level":"info","event":"374  65bd3c8e2b8a43017b1e3092  ...       NaN","logger":"task.stdout"}
{"timestamp":"2026-03-15T01:21:10.993899Z","level":"info","event":"375  66c8f1db882df41826e4d450  ...       NaN","logger":"task.stdout"}
{"timestamp":"2026-03-15T01:21:10.997130Z","level":"info","event":"376  678389a5601acfe7bd4f174e  ...       NaN","logger":"task.stdout"}
{"timestamp":"2026-03-15T01:21:10.998045Z","level":"info","event":"","logger":"task.stdout"}
{"timestamp":"2026-03-15T01:21:11.005847Z","level":"info","event":"[353 rows x 9 columns]}","logger":"task.stdout"}
{"timestamp":"2026-03-15T01:21:11.482490Z","level":"info","event":"budget =     movie_id  ...  original_language","logger":"task.stdout"}
{"timestamp":"2026-03-15T01:21:11.485525Z","level":"info","event":"0     425274  ...                 en","logger":"task.stdout"}
{"timestamp":"2026-03-15T01:21:11.502062Z","level":"info","event":"1      83533  ...                 en","logger":"task.stdout"}
{"timestamp":"2026-03-15T01:21:11.518356Z","level":"info","event":"2    1223601  ...                 fi","logger":"task.stdout"}
{"timestamp":"2026-03-15T01:21:11.533964Z","level":"info","event":"3     982843  ...                 ko","logger":"task.stdout"}
{"timestamp":"2026-03-15T01:21:11.539470Z","level":"info","event":"4    1084242  ...                 en","logger":"task.stdout"}
{"timestamp":"2026-03-15T01:21:11.543425Z","level":"info","event":"..       ...  ...                ...","logger":"task.stdout"}
{"timestamp":"2026-03-15T01:21:11.551346Z","level":"info","event":"75     27205  ...                 en","logger":"task.stdout"}
{"timestamp":"2026-03-15T01:21:11.565503Z","level":"info","event":"76    507089  ...                 en","logger":"task.stdout"}
{"timestamp":"2026-03-15T01:21:11.581060Z","level":"info","event":"77   1469354  ...                 en","logger":"task.stdout"}
{"timestamp":"2026-03-15T01:21:11.594439Z","level":"info","event":"78    911430  ...                 en","logger":"task.stdout"}
{"timestamp":"2026-03-15T01:21:11.598752Z","level":"info","event":"79    840326  ...                 fi","logger":"task.stdout"}
{"timestamp":"2026-03-15T01:21:11.599514Z","level":"info","event":"","logger":"task.stdout"}
{"timestamp":"2026-03-15T01:21:11.600392Z","level":"info","event":"[80 rows x 18 columns]","logger":"task.stdout"}
{"timestamp":"2026-03-15T01:21:11.483411Z","level":"info","event":"Done. Returned value was: None","logger":"airflow.task.operators.airflow.providers.standard.operators.python.PythonOperator","filename":"python.py","lineno":216}
