{"timestamp":"2026-05-01T13:20:43.125036Z","level":"info","event":"DAG bundles loaded: dags-folder","logger":"airflow.dag_processing.bundles.manager.DagBundlesManager","filename":"manager.py","lineno":179}
{"timestamp":"2026-05-01T13:20:43.215007Z","level":"info","event":"Filling up the DagBag from /opt/airflow/dags/movie_etl_dag.py","logger":"airflow.models.dagbag.DagBag","filename":"dagbag.py","lineno":593}
{"timestamp":"2026-05-01T13:20:43.513539Z","level":"warning","event":"The `airflow.operators.python.PythonOperator` attribute is deprecated. Please use `'airflow.providers.standard.operators.python.PythonOperator'`.","category":"DeprecatedImportWarning","filename":"/opt/airflow/dags/movie_etl_dag.py","lineno":8,"logger":"py.warnings"}
{"timestamp":"2026-05-01T13:20:44.080470Z","level":"info","event":"started movie","logger":"task.stdout"}
{"timestamp":"2026-05-01T13:20:44.228166Z","level":"info","event":"ssssss","logger":"task.stdout"}
{"timestamp":"2026-05-01T13:20:44.240626Z","level":"info","event":"ssssss","logger":"task.stdout"}
{"timestamp":"2026-05-01T13:20:44.247747Z","level":"info","event":"ssssss","logger":"task.stdout"}
{"timestamp":"2026-05-01T13:20:44.251457Z","level":"info","event":"ssssss","logger":"task.stdout"}
{"timestamp":"2026-05-01T13:20:44.259202Z","level":"info","event":"ssssss","logger":"task.stdout"}
{"timestamp":"2026-05-01T13:20:44.266165Z","level":"info","event":"ssssss","logger":"task.stdout"}
{"timestamp":"2026-05-01T13:20:44.272378Z","level":"info","event":"ssssss","logger":"task.stdout"}
{"timestamp":"2026-05-01T13:20:44.277628Z","level":"info","event":"ssssss","logger":"task.stdout"}
{"timestamp":"2026-05-01T13:20:44.284021Z","level":"info","event":"ssssss","logger":"task.stdout"}
{"timestamp":"2026-05-01T13:20:44.288658Z","level":"info","event":"ssssss","logger":"task.stdout"}
{"timestamp":"2026-05-01T13:20:44.296964Z","level":"info","event":"ssssss","logger":"task.stdout"}
{"timestamp":"2026-05-01T13:20:44.301588Z","level":"info","event":"ssssss","logger":"task.stdout"}
{"timestamp":"2026-05-01T13:20:44.310692Z","level":"info","event":"ssssss","logger":"task.stdout"}
{"timestamp":"2026-05-01T13:20:44.316475Z","level":"info","event":"ssssss","logger":"task.stdout"}
{"timestamp":"2026-05-01T13:20:44.325627Z","level":"info","event":"ssssss","logger":"task.stdout"}
{"timestamp":"2026-05-01T13:20:44.333854Z","level":"info","event":"ssssss","logger":"task.stdout"}
{"timestamp":"2026-05-01T13:20:44.335259Z","level":"info","event":"ssssss","logger":"task.stdout"}
{"timestamp":"2026-05-01T13:20:44.346056Z","level":"info","event":"ssssss","logger":"task.stdout"}
{"timestamp":"2026-05-01T13:20:44.351980Z","level":"info","event":"ssssss","logger":"task.stdout"}
{"timestamp":"2026-05-01T13:20:44.357268Z","level":"info","event":"ssssss","logger":"task.stdout"}
{"timestamp":"2026-05-01T13:20:44.365601Z","level":"info","event":"ssssss","logger":"task.stdout"}
{"timestamp":"2026-05-01T13:20:44.371438Z","level":"info","event":"ssssss","logger":"task.stdout"}
{"timestamp":"2026-05-01T13:20:44.394515Z","level":"info","event":"ssssss","logger":"task.stdout"}
{"timestamp":"2026-05-01T13:20:44.418554Z","level":"info","event":"ssssss","logger":"task.stdout"}
{"timestamp":"2026-05-01T13:20:44.429666Z","level":"info","event":"ssssss","logger":"task.stdout"}
{"timestamp":"2026-05-01T13:20:44.447824Z","level":"info","event":"ssssss","logger":"task.stdout"}
{"timestamp":"2026-05-01T13:20:44.462667Z","level":"info","event":"ssssss","logger":"task.stdout"}
{"timestamp":"2026-05-01T13:20:44.477105Z","level":"info","event":"ssssss","logger":"task.stdout"}
{"timestamp":"2026-05-01T13:20:44.495079Z","level":"info","event":"ssssss","logger":"task.stdout"}
{"timestamp":"2026-05-01T13:20:44.507125Z","level":"info","event":"ssssss","logger":"task.stdout"}
{"timestamp":"2026-05-01T13:20:44.510522Z","level":"info","event":"ssssss","logger":"task.stdout"}
{"timestamp":"2026-05-01T13:20:44.541600Z","level":"info","event":"ssssss","logger":"task.stdout"}
{"timestamp":"2026-05-01T13:20:44.556133Z","level":"info","event":"ssssss","logger":"task.stdout"}
{"timestamp":"2026-05-01T13:20:44.566731Z","level":"info","event":"ssssss","logger":"task.stdout"}
{"timestamp":"2026-05-01T13:20:44.569113Z","level":"info","event":"ssssss","logger":"task.stdout"}
{"timestamp":"2026-05-01T13:20:44.570158Z","level":"info","event":"ssssss","logger":"task.stdout"}
{"timestamp":"2026-05-01T13:20:44.580122Z","level":"info","event":"ssssss","logger":"task.stdout"}
{"timestamp":"2026-05-01T13:20:44.583815Z","level":"info","event":"ssssss","logger":"task.stdout"}
{"timestamp":"2026-05-01T13:20:44.620589Z","level":"info","event":"ssssss","logger":"task.stdout"}
{"timestamp":"2026-05-01T13:20:44.623483Z","level":"info","event":"ssssss","logger":"task.stdout"}
{"timestamp":"2026-05-01T13:20:44.631102Z","level":"info","event":"ssssss","logger":"task.stdout"}
{"timestamp":"2026-05-01T13:20:44.648587Z","level":"info","event":"ssssss","logger":"task.stdout"}
{"timestamp":"2026-05-01T13:20:44.685577Z","level":"info","event":"ssssss","logger":"task.stdout"}
{"timestamp":"2026-05-01T13:20:44.686631Z","level":"info","event":"ssssss","logger":"task.stdout"}
{"timestamp":"2026-05-01T13:20:44.691760Z","level":"info","event":"ssssss","logger":"task.stdout"}
{"timestamp":"2026-05-01T13:20:44.742717Z","level":"info","event":"ssssss","logger":"task.stdout"}
{"timestamp":"2026-05-01T13:20:44.788319Z","level":"info","event":"ssssss","logger":"task.stdout"}
{"timestamp":"2026-05-01T13:20:44.804462Z","level":"info","event":"ssssss","logger":"task.stdout"}
{"timestamp":"2026-05-01T13:20:44.819336Z","level":"info","event":"ssssss","logger":"task.stdout"}
{"timestamp":"2026-05-01T13:20:44.838786Z","level":"info","event":"ssssss","logger":"task.stdout"}
{"timestamp":"2026-05-01T13:20:44.852918Z","level":"info","event":"ssssss","logger":"task.stdout"}
{"timestamp":"2026-05-01T13:20:44.858074Z","level":"info","event":"ssssss","logger":"task.stdout"}
{"timestamp":"2026-05-01T13:20:44.888073Z","level":"info","event":"ssssss","logger":"task.stdout"}
{"timestamp":"2026-05-01T13:20:44.891301Z","level":"info","event":"ssssss","logger":"task.stdout"}
{"timestamp":"2026-05-01T13:20:44.895088Z","level":"info","event":"ssssss","logger":"task.stdout"}
{"timestamp":"2026-05-01T13:20:44.907181Z","level":"info","event":"ssssss","logger":"task.stdout"}
{"timestamp":"2026-05-01T13:20:44.909291Z","level":"info","event":"ssssss","logger":"task.stdout"}
{"timestamp":"2026-05-01T13:20:44.945966Z","level":"info","event":"ssssss","logger":"task.stdout"}
{"timestamp":"2026-05-01T13:20:44.953612Z","level":"info","event":"ssssss","logger":"task.stdout"}
{"timestamp":"2026-05-01T13:20:44.955843Z","level":"info","event":"ssssss","logger":"task.stdout"}
{"timestamp":"2026-05-01T13:20:44.971616Z","level":"info","event":"ssssss","logger":"task.stdout"}
{"timestamp":"2026-05-01T13:20:44.985804Z","level":"info","event":"ssssss","logger":"task.stdout"}
{"timestamp":"2026-05-01T13:20:44.987134Z","level":"info","event":"ssssss","logger":"task.stdout"}
{"timestamp":"2026-05-01T13:20:44.992059Z","level":"info","event":"ssssss","logger":"task.stdout"}
{"timestamp":"2026-05-01T13:20:44.996614Z","level":"info","event":"ssssss","logger":"task.stdout"}
{"timestamp":"2026-05-01T13:20:45.012038Z","level":"info","event":"ssssss","logger":"task.stdout"}
{"timestamp":"2026-05-01T13:20:45.024695Z","level":"info","event":"ssssss","logger":"task.stdout"}
{"timestamp":"2026-05-01T13:20:45.036291Z","level":"info","event":"ssssss","logger":"task.stdout"}
{"timestamp":"2026-05-01T13:20:45.051741Z","level":"info","event":"ssssss","logger":"task.stdout"}
{"timestamp":"2026-05-01T13:20:45.070728Z","level":"info","event":"ssssss","logger":"task.stdout"}
{"timestamp":"2026-05-01T13:20:45.092325Z","level":"info","event":"ssssss","logger":"task.stdout"}
{"timestamp":"2026-05-01T13:20:45.101574Z","level":"info","event":"ssssss","logger":"task.stdout"}
{"timestamp":"2026-05-01T13:20:45.104058Z","level":"info","event":"ssssss","logger":"task.stdout"}
{"timestamp":"2026-05-01T13:20:45.117110Z","level":"info","event":"ssssss","logger":"task.stdout"}
{"timestamp":"2026-05-01T13:20:45.132867Z","level":"info","event":"ssssss","logger":"task.stdout"}
{"timestamp":"2026-05-01T13:20:45.150539Z","level":"info","event":"ssssss","logger":"task.stdout"}
{"timestamp":"2026-05-01T13:20:45.165618Z","level":"info","event":"ssssss","logger":"task.stdout"}
{"timestamp":"2026-05-01T13:20:45.172982Z","level":"info","event":"ssssss","logger":"task.stdout"}
{"timestamp":"2026-05-01T13:20:45.182022Z","level":"info","event":"ssssss","logger":"task.stdout"}
{"timestamp":"2026-05-01T13:20:45.217288Z","level":"info","event":"close fact movie","logger":"task.stdout"}
{"timestamp":"2026-05-01T13:20:45.218242Z","level":"info","event":"Done. Returned value was: None","logger":"airflow.task.operators.airflow.providers.standard.operators.python.PythonOperator","filename":"python.py","lineno":216}
