{"timestamp":"2026-03-15T01:27:34.448236Z","level":"info","event":"DAG bundles loaded: dags-folder","logger":"airflow.dag_processing.bundles.manager.DagBundlesManager","filename":"manager.py","lineno":179}
{"timestamp":"2026-03-15T01:27:34.453897Z","level":"info","event":"Filling up the DagBag from /opt/airflow/dags/movie_etl_dag.py","logger":"airflow.models.dagbag.DagBag","filename":"dagbag.py","lineno":593}
{"timestamp":"2026-03-15T01:27:34.574574Z","level":"warning","event":"The `airflow.operators.python.PythonOperator` attribute is deprecated. Please use `'airflow.providers.standard.operators.python.PythonOperator'`.","category":"DeprecatedImportWarning","filename":"/opt/airflow/dags/movie_etl_dag.py","lineno":8,"logger":"py.warnings"}
{"timestamp":"2026-03-15T01:27:35.051075Z","level":"info","event":"budget =                                                movies  ...                                            reviews","logger":"task.stdout"}
{"timestamp":"2026-03-15T01:27:35.052003Z","level":"info","event":"0   {'id': 425274, 'details': {'adult': False, 'ba...  ...  [{'review_id': '691890cfea3b47df3c4c9ff5', 'mo...","logger":"task.stdout"}
{"timestamp":"2026-03-15T01:27:35.052711Z","level":"info","event":"1   {'id': 83533, 'details': {'adult': False, 'bac...  ...  [{'review_id': '6943d8d0a56edf751f705664', 'mo...","logger":"task.stdout"}
{"timestamp":"2026-03-15T01:27:35.053393Z","level":"info","event":"2   {'id': 1223601, 'details': {'adult': False, 'b...  ...  [{'review_id': '692af36a96ff27c50d3ce601', 'mo...","logger":"task.stdout"}
{"timestamp":"2026-03-15T01:27:35.054022Z","level":"info","event":"3   {'id': 982843, 'details': {'adult': False, 'ba...  ...  [{'review_id': '6945c6e677a86b44af7ab761', 'mo...","logger":"task.stdout"}
{"timestamp":"2026-03-15T01:27:35.054489Z","level":"info","event":"4   {'id': 1084242, 'details': {'adult': False, 'b...  ...  [{'review_id': '69277274222e5a1e2e3716b3', 'mo...","logger":"task.stdout"}
{"timestamp":"2026-03-15T01:27:35.054887Z","level":"info","event":"..                                                ...  ...                                                ...","logger":"task.stdout"}
{"timestamp":"2026-03-15T01:27:35.055339Z","level":"info","event":"75  {'id': 27205, 'details': {'adult': False, 'bac...  ...  [{'review_id': '589c420fc3a3684cde007279', 'mo...","logger":"task.stdout"}
{"timestamp":"2026-03-15T01:27:35.059754Z","level":"info","event":"76  {'id': 507089, 'details': {'adult': False, 'ba...  ...  [{'review_id': '653a4ad08a0e9b010b29016c', 'mo...","logger":"task.stdout"}
{"timestamp":"2026-03-15T01:27:35.064182Z","level":"info","event":"77  {'id': 1469354, 'details': {'adult': False, 'b...  ...                                                 []","logger":"task.stdout"}
{"timestamp":"2026-03-15T01:27:35.064872Z","level":"info","event":"78  {'id': 911430, 'details': {'adult': False, 'ba...  ...  [{'review_id': '685ef1ed3a418b6dde7ecf4a', 'mo...","logger":"task.stdout"}
{"timestamp":"2026-03-15T01:27:35.065315Z","level":"info","event":"79  {'id': 840326, 'details': {'adult': False, 'ba...  ...  [{'review_id': '645c30ea0231f20139eac8dd', 'mo...","logger":"task.stdout"}
{"timestamp":"2026-03-15T01:27:35.068749Z","level":"info","event":"","logger":"task.stdout"}
{"timestamp":"2026-03-15T01:27:35.069568Z","level":"info","event":"[80 rows x 3 columns]","logger":"task.stdout"}
{"timestamp":"2026-03-15T01:27:36.273770Z","level":"info","event":"gennnnnnnnnnnnnnnnnnre","logger":"task.stdout"}
{"timestamp":"2026-03-15T01:27:36.304891Z","level":"info","event":"    movie_id            genre","logger":"task.stdout"}
{"timestamp":"2026-03-15T01:27:36.314674Z","level":"info","event":"0     425274         Thriller","logger":"task.stdout"}
{"timestamp":"2026-03-15T01:27:36.315637Z","level":"info","event":"0     425274            Crime","logger":"task.stdout"}
{"timestamp":"2026-03-15T01:27:36.317496Z","level":"info","event":"0     425274          Mystery","logger":"task.stdout"}
{"timestamp":"2026-03-15T01:27:36.318241Z","level":"info","event":"1      83533  Science Fiction","logger":"task.stdout"}
{"timestamp":"2026-03-15T01:27:36.322432Z","level":"info","event":"1      83533        Adventure","logger":"task.stdout"}
{"timestamp":"2026-03-15T01:27:36.331068Z","level":"info","event":"..       ...              ...","logger":"task.stdout"}
{"timestamp":"2026-03-15T01:27:36.331836Z","level":"info","event":"77   1469354         Thriller","logger":"task.stdout"}
{"timestamp":"2026-03-15T01:27:36.333998Z","level":"info","event":"78    911430           Action","logger":"task.stdout"}
{"timestamp":"2026-03-15T01:27:36.337506Z","level":"info","event":"78    911430            Drama","logger":"task.stdout"}
{"timestamp":"2026-03-15T01:27:36.342932Z","level":"info","event":"79    840326           Action","logger":"task.stdout"}
{"timestamp":"2026-03-15T01:27:36.344127Z","level":"info","event":"79    840326              War","logger":"task.stdout"}
{"timestamp":"2026-03-15T01:27:36.344868Z","level":"info","event":"","logger":"task.stdout"}
{"timestamp":"2026-03-15T01:27:36.345647Z","level":"info","event":"[224 rows x 2 columns]","logger":"task.stdout"}
{"timestamp":"2026-03-15T01:27:38.244175Z","level":"info","event":"budget = {'movies':     movie_id  ...  original_language","logger":"task.stdout"}
{"timestamp":"2026-03-15T01:27:38.246514Z","level":"info","event":"0     425274  ...                 en","logger":"task.stdout"}
{"timestamp":"2026-03-15T01:27:38.247265Z","level":"info","event":"1      83533  ...                 en","logger":"task.stdout"}
{"timestamp":"2026-03-15T01:27:38.247912Z","level":"info","event":"2    1223601  ...                 fi","logger":"task.stdout"}
{"timestamp":"2026-03-15T01:27:38.248437Z","level":"info","event":"3     982843  ...                 ko","logger":"task.stdout"}
{"timestamp":"2026-03-15T01:27:38.248916Z","level":"info","event":"4    1084242  ...                 en","logger":"task.stdout"}
{"timestamp":"2026-03-15T01:27:38.249349Z","level":"info","event":"..       ...  ...                ...","logger":"task.stdout"}
{"timestamp":"2026-03-15T01:27:38.249778Z","level":"info","event":"75     27205  ...                 en","logger":"task.stdout"}
{"timestamp":"2026-03-15T01:27:38.250175Z","level":"info","event":"76    507089  ...                 en","logger":"task.stdout"}
{"timestamp":"2026-03-15T01:27:38.250792Z","level":"info","event":"77   1469354  ...                 en","logger":"task.stdout"}
{"timestamp":"2026-03-15T01:27:38.251275Z","level":"info","event":"78    911430  ...                 en","logger":"task.stdout"}
{"timestamp":"2026-03-15T01:27:38.251728Z","level":"info","event":"79    840326  ...                 fi","logger":"task.stdout"}
{"timestamp":"2026-03-15T01:27:38.252164Z","level":"info","event":"","logger":"task.stdout"}
{"timestamp":"2026-03-15T01:27:38.252611Z","level":"info","event":"[80 rows x 18 columns], 'movie_genres':     movie_id            genre","logger":"task.stdout"}
{"timestamp":"2026-03-15T01:27:38.253039Z","level":"info","event":"0     425274         Thriller","logger":"task.stdout"}
{"timestamp":"2026-03-15T01:27:38.253459Z","level":"info","event":"0     425274            Crime","logger":"task.stdout"}
{"timestamp":"2026-03-15T01:27:38.253933Z","level":"info","event":"0     425274          Mystery","logger":"task.stdout"}
{"timestamp":"2026-03-15T01:27:38.254367Z","level":"info","event":"1      83533  Science Fiction","logger":"task.stdout"}
{"timestamp":"2026-03-15T01:27:38.254854Z","level":"info","event":"1      83533        Adventure","logger":"task.stdout"}
{"timestamp":"2026-03-15T01:27:38.255250Z","level":"info","event":"..       ...              ...","logger":"task.stdout"}
{"timestamp":"2026-03-15T01:27:38.256182Z","level":"info","event":"77   1469354         Thriller","logger":"task.stdout"}
{"timestamp":"2026-03-15T01:27:38.257014Z","level":"info","event":"78    911430           Action","logger":"task.stdout"}
{"timestamp":"2026-03-15T01:27:38.257491Z","level":"info","event":"78    911430            Drama","logger":"task.stdout"}
{"timestamp":"2026-03-15T01:27:38.260284Z","level":"info","event":"79    840326           Action","logger":"task.stdout"}
{"timestamp":"2026-03-15T01:27:38.260897Z","level":"info","event":"79    840326              War","logger":"task.stdout"}
{"timestamp":"2026-03-15T01:27:38.261482Z","level":"info","event":"","logger":"task.stdout"}
{"timestamp":"2026-03-15T01:27:38.261968Z","level":"info","event":"[224 rows x 2 columns], 'movie_cast':       movie_id  actor_id  ... order popularity","logger":"task.stdout"}
{"timestamp":"2026-03-15T01:27:38.262427Z","level":"info","event":"0       425274     44735  ...     0     5.6558","logger":"task.stdout"}
{"timestamp":"2026-03-15T01:27:38.262865Z","level":"info","event":"1       425274   3918497  ...     1     2.9483","logger":"task.stdout"}
{"timestamp":"2026-03-15T01:27:38.263275Z","level":"info","event":"2       425274   1767250  ...     2     5.8179","logger":"task.stdout"}
{"timestamp":"2026-03-15T01:27:38.263664Z","level":"info","event":"3       425274   1029934  ...     3     3.8425","logger":"task.stdout"}
{"timestamp":"2026-03-15T01:27:38.264122Z","level":"info","event":"4       425274     10882  ...     4    10.4841","logger":"task.stdout"}
{"timestamp":"2026-03-15T01:27:38.264484Z","level":"info","event":"...        ...       ...  ...   ...        ...","logger":"task.stdout"}
{"timestamp":"2026-03-15T01:27:38.264949Z","level":"info","event":"1402    840326   2329587  ...    15     0.7751","logger":"task.stdout"}
{"timestamp":"2026-03-15T01:27:38.265328Z","level":"info","event":"1403    840326   3896427  ...    16     0.0798","logger":"task.stdout"}
{"timestamp":"2026-03-15T01:27:38.265783Z","level":"info","event":"1404    840326   3896428  ...    17     0.0407","logger":"task.stdout"}
{"timestamp":"2026-03-15T01:27:38.266156Z","level":"info","event":"1405    840326   3403707  ...    18     0.0478","logger":"task.stdout"}
{"timestamp":"2026-03-15T01:27:38.266665Z","level":"info","event":"1406    840326   3896429  ...    19     0.0456","logger":"task.stdout"}
{"timestamp":"2026-03-15T01:27:38.267133Z","level":"info","event":"","logger":"task.stdout"}
{"timestamp":"2026-03-15T01:27:38.267583Z","level":"info","event":"[1407 rows x 7 columns], 'movie_reviews':                     review_id  ...  language","logger":"task.stdout"}
{"timestamp":"2026-03-15T01:27:38.268064Z","level":"info","event":"0    691890cfea3b47df3c4c9ff5  ...       NaN","logger":"task.stdout"}
{"timestamp":"2026-03-15T01:27:38.269066Z","level":"info","event":"1    6928c31401823e51fe26c751  ...       NaN","logger":"task.stdout"}
{"timestamp":"2026-03-15T01:27:38.269649Z","level":"info","event":"2    6943d8d0a56edf751f705664  ...       NaN","logger":"task.stdout"}
{"timestamp":"2026-03-15T01:27:38.270538Z","level":"info","event":"3    69457873edfc44b8a97ab51e  ...       NaN","logger":"task.stdout"}
{"timestamp":"2026-03-15T01:27:38.271583Z","level":"info","event":"4    69468cbad49dde55e5fb0ac4  ...       NaN","logger":"task.stdout"}
{"timestamp":"2026-03-15T01:27:38.272125Z","level":"info","event":"..                        ...  ...       ...","logger":"task.stdout"}
{"timestamp":"2026-03-15T01:27:38.273927Z","level":"info","event":"372  64cca50e798e0600ad1830bf  ...       NaN","logger":"task.stdout"}
{"timestamp":"2026-03-15T01:27:38.274710Z","level":"info","event":"373  64cf1ca9303c85013a150ee2  ...       NaN","logger":"task.stdout"}
{"timestamp":"2026-03-15T01:27:38.275200Z","level":"info","event":"374  65bd3c8e2b8a43017b1e3092  ...       NaN","logger":"task.stdout"}
{"timestamp":"2026-03-15T01:27:38.275718Z","level":"info","event":"375  66c8f1db882df41826e4d450  ...       NaN","logger":"task.stdout"}
{"timestamp":"2026-03-15T01:27:38.276172Z","level":"info","event":"376  678389a5601acfe7bd4f174e  ...       NaN","logger":"task.stdout"}
{"timestamp":"2026-03-15T01:27:38.276661Z","level":"info","event":"","logger":"task.stdout"}
{"timestamp":"2026-03-15T01:27:38.277166Z","level":"info","event":"[353 rows x 9 columns]}","logger":"task.stdout"}
{"timestamp":"2026-03-15T01:27:38.518514Z","level":"info","event":"budget =     movie_id  ...  original_language","logger":"task.stdout"}
{"timestamp":"2026-03-15T01:27:38.519950Z","level":"info","event":"0     425274  ...                 en","logger":"task.stdout"}
{"timestamp":"2026-03-15T01:27:38.520985Z","level":"info","event":"1      83533  ...                 en","logger":"task.stdout"}
{"timestamp":"2026-03-15T01:27:38.521994Z","level":"info","event":"2    1223601  ...                 fi","logger":"task.stdout"}
{"timestamp":"2026-03-15T01:27:38.526875Z","level":"info","event":"3     982843  ...                 ko","logger":"task.stdout"}
{"timestamp":"2026-03-15T01:27:38.529304Z","level":"info","event":"4    1084242  ...                 en","logger":"task.stdout"}
{"timestamp":"2026-03-15T01:27:38.529987Z","level":"info","event":"..       ...  ...                ...","logger":"task.stdout"}
{"timestamp":"2026-03-15T01:27:38.530535Z","level":"info","event":"75     27205  ...                 en","logger":"task.stdout"}
{"timestamp":"2026-03-15T01:27:38.531060Z","level":"info","event":"76    507089  ...                 en","logger":"task.stdout"}
{"timestamp":"2026-03-15T01:27:38.531594Z","level":"info","event":"77   1469354  ...                 en","logger":"task.stdout"}
{"timestamp":"2026-03-15T01:27:38.532124Z","level":"info","event":"78    911430  ...                 en","logger":"task.stdout"}
{"timestamp":"2026-03-15T01:27:38.532564Z","level":"info","event":"79    840326  ...                 fi","logger":"task.stdout"}
{"timestamp":"2026-03-15T01:27:38.533063Z","level":"info","event":"","logger":"task.stdout"}
{"timestamp":"2026-03-15T01:27:38.533496Z","level":"info","event":"[80 rows x 18 columns]","logger":"task.stdout"}
{"timestamp":"2026-03-15T01:27:38.514231Z","level":"info","event":"Done. Returned value was: None","logger":"airflow.task.operators.airflow.providers.standard.operators.python.PythonOperator","filename":"python.py","lineno":216}
