{"timestamp":"2026-05-01T13:46:10.762500Z","level":"info","event":"DAG bundles loaded: dags-folder","logger":"airflow.dag_processing.bundles.manager.DagBundlesManager","filename":"manager.py","lineno":179}
{"timestamp":"2026-05-01T13:46:10.777647Z","level":"info","event":"Filling up the DagBag from /opt/airflow/dags/movie_etl_dag.py","logger":"airflow.models.dagbag.DagBag","filename":"dagbag.py","lineno":593}
{"timestamp":"2026-05-01T13:46:11.329707Z","level":"warning","event":"The `airflow.operators.python.PythonOperator` attribute is deprecated. Please use `'airflow.providers.standard.operators.python.PythonOperator'`.","category":"DeprecatedImportWarning","filename":"/opt/airflow/dags/movie_etl_dag.py","lineno":8,"logger":"py.warnings"}
{"timestamp":"2026-05-01T13:46:12.429122Z","level":"info","event":"Chargement des relations film-genre...","logger":"task.stdout"}
{"timestamp":"2026-05-01T13:46:12.635153Z","level":"info","event":"['Thriller', 'Crime', 'Mystery']","logger":"task.stdout"}
{"timestamp":"2026-05-01T13:46:12.664891Z","level":"info","event":"['Science Fiction', 'Adventure', 'Fantasy']","logger":"task.stdout"}
{"timestamp":"2026-05-01T13:46:12.672959Z","level":"info","event":"['Action', 'War']","logger":"task.stdout"}
{"timestamp":"2026-05-01T13:46:12.680547Z","level":"info","event":"['Science Fiction', 'Adventure', 'Drama']","logger":"task.stdout"}
{"timestamp":"2026-05-01T13:46:12.686601Z","level":"info","event":"['Animation', 'Comedy', 'Adventure', 'Family', 'Mystery']","logger":"task.stdout"}
{"timestamp":"2026-05-01T13:46:12.694903Z","level":"info","event":"['Science Fiction', 'Action']","logger":"task.stdout"}
{"timestamp":"2026-05-01T13:46:12.698757Z","level":"info","event":"['Action', 'Thriller', 'Science Fiction']","logger":"task.stdout"}
{"timestamp":"2026-05-01T13:46:12.707708Z","level":"info","event":"['Thriller', 'Mystery', 'Comedy']","logger":"task.stdout"}
{"timestamp":"2026-05-01T13:46:12.713114Z","level":"info","event":"['Action', 'Thriller', 'Mystery']","logger":"task.stdout"}
{"timestamp":"2026-05-01T13:46:12.721495Z","level":"info","event":"['Action', 'Thriller']","logger":"task.stdout"}
{"timestamp":"2026-05-01T13:46:12.729666Z","level":"info","event":"['Western', 'Adventure', 'Crime']","logger":"task.stdout"}
{"timestamp":"2026-05-01T13:46:12.735742Z","level":"info","event":"['Science Fiction', 'Thriller']","logger":"task.stdout"}
{"timestamp":"2026-05-01T13:46:12.745476Z","level":"info","event":"['Horror', 'Thriller']","logger":"task.stdout"}
{"timestamp":"2026-05-01T13:46:12.751690Z","level":"info","event":"['Action', 'Drama', 'Thriller']","logger":"task.stdout"}
{"timestamp":"2026-05-01T13:46:12.762795Z","level":"info","event":"['Action', 'Thriller']","logger":"task.stdout"}
{"timestamp":"2026-05-01T13:46:12.768822Z","level":"info","event":"['Science Fiction', 'Adventure', 'Action']","logger":"task.stdout"}
{"timestamp":"2026-05-01T13:46:12.774952Z","level":"info","event":"['Action', 'Crime', 'Comedy', 'Thriller']","logger":"task.stdout"}
{"timestamp":"2026-05-01T13:46:12.784181Z","level":"info","event":"['Horror']","logger":"task.stdout"}
{"timestamp":"2026-05-01T13:46:12.788826Z","level":"info","event":"['Comedy', 'Action']","logger":"task.stdout"}
{"timestamp":"2026-05-01T13:46:12.799348Z","level":"info","event":"['Action', 'Crime', 'Thriller']","logger":"task.stdout"}
{"timestamp":"2026-05-01T13:46:12.808653Z","level":"info","event":"['Animation', 'Action', 'Romance', 'Fantasy']","logger":"task.stdout"}
{"timestamp":"2026-05-01T13:46:12.833794Z","level":"info","event":"['Action', 'Science Fiction', 'Adventure']","logger":"task.stdout"}
{"timestamp":"2026-05-01T13:46:12.869795Z","level":"info","event":"['Horror', 'Thriller']","logger":"task.stdout"}
{"timestamp":"2026-05-01T13:46:12.874873Z","level":"info","event":"['Action', 'Fantasy', 'Thriller']","logger":"task.stdout"}
{"timestamp":"2026-05-01T13:46:12.903640Z","level":"info","event":"['Action', 'Crime', 'Thriller']","logger":"task.stdout"}
{"timestamp":"2026-05-01T13:46:12.939678Z","level":"info","event":"['Action', 'Drama', 'Fantasy']","logger":"task.stdout"}
{"timestamp":"2026-05-01T13:46:12.974571Z","level":"info","event":"['Action', 'Adventure', 'Science Fiction']","logger":"task.stdout"}
{"timestamp":"2026-05-01T13:46:13.007736Z","level":"info","event":"['Animation', 'Action', 'Fantasy']","logger":"task.stdout"}
{"timestamp":"2026-05-01T13:46:13.102794Z","level":"info","event":"['Action', 'Adventure', 'Fantasy', 'Science Fiction']","logger":"task.stdout"}
{"timestamp":"2026-05-01T13:46:13.127197Z","level":"info","event":"['Animation', 'Fantasy', 'Adventure', 'Action']","logger":"task.stdout"}
{"timestamp":"2026-05-01T13:46:13.160806Z","level":"info","event":"['Action', 'Thriller']","logger":"task.stdout"}
{"timestamp":"2026-05-01T13:46:13.176662Z","level":"info","event":"['Action', 'Adventure', 'Science Fiction']","logger":"task.stdout"}
{"timestamp":"2026-05-01T13:46:13.207209Z","level":"info","event":"['Action', 'Adventure', 'Thriller', 'Crime', 'Drama']","logger":"task.stdout"}
{"timestamp":"2026-05-01T13:46:13.221892Z","level":"info","event":"['War', 'Drama', 'History', 'Action']","logger":"task.stdout"}
{"timestamp":"2026-05-01T13:46:13.249868Z","level":"info","event":"['Drama', 'Fantasy', 'Horror']","logger":"task.stdout"}
{"timestamp":"2026-05-01T13:46:13.260757Z","level":"info","event":"['Horror', 'Thriller']","logger":"task.stdout"}
{"timestamp":"2026-05-01T13:46:13.272978Z","level":"info","event":"['Horror', 'Fantasy', 'Romance']","logger":"task.stdout"}
{"timestamp":"2026-05-01T13:46:13.279873Z","level":"info","event":"['Thriller', 'Crime', 'Action']","logger":"task.stdout"}
{"timestamp":"2026-05-01T13:46:13.296086Z","level":"info","event":"['Animation', 'Adventure', 'Family', 'Comedy']","logger":"task.stdout"}
{"timestamp":"2026-05-01T13:46:13.314967Z","level":"info","event":"['Romance', 'Drama']","logger":"task.stdout"}
{"timestamp":"2026-05-01T13:46:13.321850Z","level":"info","event":"['Action', 'Thriller', 'Crime']","logger":"task.stdout"}
{"timestamp":"2026-05-01T13:46:13.333431Z","level":"info","event":"['Drama', 'Thriller']","logger":"task.stdout"}
{"timestamp":"2026-05-01T13:46:13.365527Z","level":"info","event":"['Animation', 'Action']","logger":"task.stdout"}
{"timestamp":"2026-05-01T13:46:13.381851Z","level":"info","event":"['Fantasy', 'Music', 'Comedy', 'Animation']","logger":"task.stdout"}
{"timestamp":"2026-05-01T13:46:13.436923Z","level":"info","event":"['Animation', 'Family', 'Fantasy', 'Horror']","logger":"task.stdout"}
{"timestamp":"2026-05-01T13:46:13.470066Z","level":"info","event":"['Fantasy', 'Animation', 'Action', 'Science Fiction']","logger":"task.stdout"}
{"timestamp":"2026-05-01T13:46:13.500980Z","level":"info","event":"['Horror', 'Thriller']","logger":"task.stdout"}
{"timestamp":"2026-05-01T13:46:13.551203Z","level":"info","event":"['Horror']","logger":"task.stdout"}
{"timestamp":"2026-05-01T13:46:13.558311Z","level":"info","event":"['Fantasy', 'Adventure', 'Romance']","logger":"task.stdout"}
{"timestamp":"2026-05-01T13:46:13.568556Z","level":"info","event":"['Action', 'Thriller', 'Adventure']","logger":"task.stdout"}
{"timestamp":"2026-05-01T13:46:13.577088Z","level":"info","event":"['Romance']","logger":"task.stdout"}
{"timestamp":"2026-05-01T13:46:13.580272Z","level":"info","event":"['Mystery', 'Thriller']","logger":"task.stdout"}
{"timestamp":"2026-05-01T13:46:13.581391Z","level":"info","event":"['Action', 'Comedy']","logger":"task.stdout"}
{"timestamp":"2026-05-01T13:46:13.586417Z","level":"info","event":"['Drama', 'Crime']","logger":"task.stdout"}
{"timestamp":"2026-05-01T13:46:13.602894Z","level":"info","event":"['Horror', 'Thriller']","logger":"task.stdout"}
{"timestamp":"2026-05-01T13:46:13.610193Z","level":"info","event":"['Horror', 'Mystery']","logger":"task.stdout"}
{"timestamp":"2026-05-01T13:46:13.624326Z","level":"info","event":"['Science Fiction', 'Adventure', 'Action']","logger":"task.stdout"}
{"timestamp":"2026-05-01T13:46:13.641649Z","level":"info","event":"['Comedy', 'Horror', 'Mystery', 'Family']","logger":"task.stdout"}
{"timestamp":"2026-05-01T13:46:13.657297Z","level":"info","event":"['Romance', 'Drama']","logger":"task.stdout"}
{"timestamp":"2026-05-01T13:46:13.670431Z","level":"info","event":"['Science Fiction', 'Crime']","logger":"task.stdout"}
{"timestamp":"2026-05-01T13:46:13.684375Z","level":"info","event":"['Action', 'Crime']","logger":"task.stdout"}
{"timestamp":"2026-05-01T13:46:13.695027Z","level":"info","event":"['Science Fiction', 'Adventure', 'Family', 'Fantasy']","logger":"task.stdout"}
{"timestamp":"2026-05-01T13:46:13.714942Z","level":"info","event":"['Romance', 'Comedy']","logger":"task.stdout"}
{"timestamp":"2026-05-01T13:46:13.752453Z","level":"info","event":"['Science Fiction', 'Action']","logger":"task.stdout"}
{"timestamp":"2026-05-01T13:46:13.800357Z","level":"info","event":"['Science Fiction', 'Adventure', 'Action']","logger":"task.stdout"}
{"timestamp":"2026-05-01T13:46:13.821179Z","level":"info","event":"['Action', 'Crime', 'Thriller']","logger":"task.stdout"}
{"timestamp":"2026-05-01T13:46:13.838209Z","level":"info","event":"['Action', 'Adventure', 'Fantasy']","logger":"task.stdout"}
{"timestamp":"2026-05-01T13:46:13.855728Z","level":"info","event":"['Family', 'Comedy', 'Fantasy']","logger":"task.stdout"}
{"timestamp":"2026-05-01T13:46:13.869867Z","level":"info","event":"['Science Fiction', 'Action', 'Adventure']","logger":"task.stdout"}
{"timestamp":"2026-05-01T13:46:13.884422Z","level":"info","event":"['Family', 'Comedy', 'Adventure', 'Animation']","logger":"task.stdout"}
{"timestamp":"2026-05-01T13:46:13.901490Z","level":"info","event":"['Adventure', 'Drama', 'Science Fiction']","logger":"task.stdout"}
{"timestamp":"2026-05-01T13:46:13.927291Z","level":"info","event":"['Animation', 'Family', 'Adventure']","logger":"task.stdout"}
{"timestamp":"2026-05-01T13:46:13.951232Z","level":"info","event":"['Horror', 'Thriller']","logger":"task.stdout"}
{"timestamp":"2026-05-01T13:46:13.968849Z","level":"info","event":"['Science Fiction', 'Adventure', 'Action']","logger":"task.stdout"}
{"timestamp":"2026-05-01T13:46:14.013244Z","level":"info","event":"['Animation', 'Adventure', 'Fantasy', 'Family', 'Action', 'Comedy']","logger":"task.stdout"}
{"timestamp":"2026-05-01T13:46:14.079653Z","level":"info","event":"['Action', 'Science Fiction', 'Adventure']","logger":"task.stdout"}
{"timestamp":"2026-05-01T13:46:14.137679Z","level":"info","event":"['Horror', 'Thriller']","logger":"task.stdout"}
{"timestamp":"2026-05-01T13:46:14.172316Z","level":"info","event":"['Action', 'Thriller']","logger":"task.stdout"}
{"timestamp":"2026-05-01T13:46:14.187267Z","level":"info","event":"['Action', 'Drama']","logger":"task.stdout"}
{"timestamp":"2026-05-01T13:46:14.201305Z","level":"info","event":"['Action', 'War']","logger":"task.stdout"}
{"timestamp":"2026-05-01T13:46:14.216358Z","level":"info","event":"Chargement des relations terminé.","logger":"task.stdout"}
{"timestamp":"2026-05-01T13:46:14.094322Z","level":"info","event":"Done. Returned value was: None","logger":"airflow.task.operators.airflow.providers.standard.operators.python.PythonOperator","filename":"python.py","lineno":216}
